{
	"C:\\Users\\k1yt\\OneDrive\\Projects\\ZooCode\\packages\\types\\src\\api.ts": {
		"path": "C:\\Users\\k1yt\\OneDrive\\Projects\\ZooCode\\packages\\types\\src\\api.ts",
		"statementMap": {},
		"fnMap": {},
		"branchMap": {},
		"s": {},
		"f": {},
		"b": {},
		"meta": { "lastBranch": 0, "lastFunction": 0, "lastStatement": 0, "seen": {}, "fnNames": {} }
	},
	"C:\\Users\\k1yt\\OneDrive\\Projects\\ZooCode\\packages\\types\\src\\cli.ts": {
		"path": "C:\\Users\\k1yt\\OneDrive\\Projects\\ZooCode\\packages\\types\\src\\cli.ts",
		"statementMap": {
			"0": { "start": { "line": 9, "column": 34 }, "end": { "line": 9, "column": null } },
			"1": { "start": { "line": 11, "column": 39 }, "end": { "line": 11, "column": null } },
			"2": { "start": { "line": 15, "column": 39 }, "end": { "line": 18, "column": null } },
			"3": { "start": { "line": 22, "column": 30 }, "end": { "line": 25, "column": null } },
			"4": { "start": { "line": 27, "column": 40 }, "end": { "line": 33, "column": null } },
			"5": { "start": { "line": 37, "column": 42 }, "end": { "line": 41, "column": null } },
			"6": { "start": { "line": 45, "column": 41 }, "end": { "line": 47, "column": null } },
			"7": { "start": { "line": 51, "column": 39 }, "end": { "line": 53, "column": null } },
			"8": { "start": { "line": 57, "column": 43 }, "end": { "line": 59, "column": null } },
			"9": { "start": { "line": 63, "column": 40 }, "end": { "line": 69, "column": null } },
			"10": { "start": { "line": 77, "column": 35 }, "end": { "line": 77, "column": null } },
			"11": { "start": { "line": 79, "column": 40 }, "end": { "line": 79, "column": null } },
			"12": { "start": { "line": 83, "column": 32 }, "end": { "line": 94, "column": null } },
			"13": { "start": { "line": 96, "column": 37 }, "end": { "line": 96, "column": null } },
			"14": { "start": { "line": 100, "column": 37 }, "end": { "line": 100, "column": null } },
			"15": { "start": { "line": 102, "column": 42 }, "end": { "line": 102, "column": null } },
			"16": { "start": { "line": 106, "column": 37 }, "end": { "line": 111, "column": null } },
			"17": { "start": { "line": 115, "column": 35 }, "end": { "line": 118, "column": null } },
			"18": { "start": { "line": 122, "column": 38 }, "end": { "line": 127, "column": null } },
			"19": { "start": { "line": 131, "column": 32 }, "end": { "line": 137, "column": null } },
			"20": { "start": { "line": 141, "column": 39 }, "end": { "line": 162, "column": null } },
			"21": { "start": { "line": 166, "column": 40 }, "end": { "line": 170, "column": null } },
			"22": { "start": { "line": 174, "column": 39 }, "end": { "line": 180, "column": null } }
		},
		"fnMap": {},
		"branchMap": {},
		"s": {
			"0": 5,
			"1": 5,
			"2": 5,
			"3": 5,
			"4": 5,
			"5": 5,
			"6": 5,
			"7": 5,
			"8": 5,
			"9": 5,
			"10": 5,
			"11": 5,
			"12": 5,
			"13": 5,
			"14": 5,
			"15": 5,
			"16": 5,
			"17": 5,
			"18": 5,
			"19": 5,
			"20": 5,
			"21": 5,
			"22": 5
		},
		"f": {},
		"b": {},
		"meta": {
			"lastBranch": 0,
			"lastFunction": 0,
			"lastStatement": 23,
			"seen": {
				"s:9:34:9:Infinity": 0,
				"s:11:39:11:Infinity": 1,
				"s:15:39:18:Infinity": 2,
				"s:22:30:25:Infinity": 3,
				"s:27:40:33:Infinity": 4,
				"s:37:42:41:Infinity": 5,
				"s:45:41:47:Infinity": 6,
				"s:51:39:53:Infinity": 7,
				"s:57:43:59:Infinity": 8,
				"s:63:40:69:Infinity": 9,
				"s:77:35:77:Infinity": 10,
				"s:79:40:79:Infinity": 11,
				"s:83:32:94:Infinity": 12,
				"s:96:37:96:Infinity": 13,
				"s:100:37:100:Infinity": 14,
				"s:102:42:102:Infinity": 15,
				"s:106:37:111:Infinity": 16,
				"s:115:35:118:Infinity": 17,
				"s:122:38:127:Infinity": 18,
				"s:131:32:137:Infinity": 19,
				"s:141:39:162:Infinity": 20,
				"s:166:40:170:Infinity": 21,
				"s:174:39:180:Infinity": 22
			},
			"fnNames": {}
		}
	},
	"C:\\Users\\k1yt\\OneDrive\\Projects\\ZooCode\\packages\\types\\src\\cloud.ts": {
		"path": "C:\\Users\\k1yt\\OneDrive\\Projects\\ZooCode\\packages\\types\\src\\cloud.ts",
		"statementMap": {
			"0": { "start": { "line": 77, "column": 43 }, "end": { "line": 85, "column": null } },
			"1": { "start": { "line": 93, "column": 49 }, "end": { "line": 113, "column": null } },
			"2": { "start": { "line": 121, "column": 38 }, "end": { "line": 121, "column": null } },
			"3": { "start": { "line": 129, "column": 47 }, "end": { "line": 137, "column": null } },
			"4": { "start": { "line": 145, "column": 42 }, "end": { "line": 145, "column": null } },
			"5": { "start": { "line": 153, "column": 42 }, "end": { "line": 163, "column": null } },
			"6": { "start": { "line": 171, "column": 34 }, "end": { "line": 171, "column": null } },
			"7": { "start": { "line": 175, "column": 40 }, "end": { "line": 178, "column": null } },
			"8": { "start": { "line": 182, "column": 38 }, "end": { "line": 186, "column": null } },
			"9": { "start": { "line": 194, "column": 61 }, "end": { "line": 197, "column": null } },
			"10": { "start": { "line": 199, "column": 58 }, "end": { "line": 211, "column": null } },
			"11": { "start": { "line": 223, "column": 35 }, "end": { "line": 229, "column": null } },
			"12": { "start": { "line": 361, "column": 7 }, "end": { "line": 367, "column": null } },
			"13": { "start": { "line": 362, "column": 1 }, "end": { "line": 362, "column": null } },
			"14": { "start": { "line": 363, "column": 1 }, "end": { "line": 363, "column": null } },
			"15": { "start": { "line": 364, "column": 1 }, "end": { "line": 364, "column": null } },
			"16": { "start": { "line": 365, "column": 1 }, "end": { "line": 365, "column": null } },
			"17": { "start": { "line": 366, "column": 1 }, "end": { "line": 366, "column": null } },
			"18": { "start": { "line": 384, "column": 37 }, "end": { "line": 384, "column": null } },
			"19": { "start": { "line": 385, "column": 36 }, "end": { "line": 385, "column": null } },
			"20": { "start": { "line": 391, "column": 28 }, "end": { "line": 400, "column": null } },
			"21": { "start": { "line": 408, "column": 39 }, "end": { "line": 423, "column": null } },
			"22": { "start": { "line": 431, "column": 7 }, "end": { "line": 435, "column": null } },
			"23": { "start": { "line": 432, "column": 1 }, "end": { "line": 432, "column": null } },
			"24": { "start": { "line": 433, "column": 1 }, "end": { "line": 433, "column": null } },
			"25": { "start": { "line": 434, "column": 1 }, "end": { "line": 434, "column": null } },
			"26": { "start": { "line": 437, "column": 37 }, "end": { "line": 453, "column": null } },
			"27": { "start": { "line": 461, "column": 7 }, "end": { "line": 465, "column": null } },
			"28": { "start": { "line": 462, "column": 1 }, "end": { "line": 462, "column": null } },
			"29": { "start": { "line": 463, "column": 1 }, "end": { "line": 463, "column": null } },
			"30": { "start": { "line": 464, "column": 1 }, "end": { "line": 464, "column": null } },
			"31": { "start": { "line": 467, "column": 39 }, "end": { "line": 497, "column": null } },
			"32": { "start": { "line": 505, "column": 7 }, "end": { "line": 518, "column": null } },
			"33": { "start": { "line": 506, "column": 1 }, "end": { "line": 506, "column": null } },
			"34": { "start": { "line": 508, "column": 1 }, "end": { "line": 508, "column": null } },
			"35": { "start": { "line": 509, "column": 1 }, "end": { "line": 509, "column": null } },
			"36": { "start": { "line": 511, "column": 1 }, "end": { "line": 511, "column": null } },
			"37": { "start": { "line": 513, "column": 1 }, "end": { "line": 513, "column": null } },
			"38": { "start": { "line": 514, "column": 1 }, "end": { "line": 514, "column": null } },
			"39": { "start": { "line": 516, "column": 1 }, "end": { "line": 516, "column": null } },
			"40": { "start": { "line": 517, "column": 1 }, "end": { "line": 517, "column": null } },
			"41": { "start": { "line": 524, "column": 7 }, "end": { "line": 533, "column": null } },
			"42": { "start": { "line": 525, "column": 1 }, "end": { "line": 525, "column": null } },
			"43": { "start": { "line": 526, "column": 1 }, "end": { "line": 526, "column": null } },
			"44": { "start": { "line": 528, "column": 1 }, "end": { "line": 528, "column": null } },
			"45": { "start": { "line": 529, "column": 1 }, "end": { "line": 529, "column": null } },
			"46": { "start": { "line": 531, "column": 1 }, "end": { "line": 531, "column": null } },
			"47": { "start": { "line": 532, "column": 1 }, "end": { "line": 532, "column": null } },
			"48": { "start": { "line": 556, "column": 32 }, "end": { "line": 570, "column": null } }
		},
		"fnMap": {
			"0": {
				"name": "(anonymous_0)",
				"decl": { "start": { "line": 361, "column": 7 }, "end": { "line": 361, "column": 12 } },
				"loc": { "start": { "line": 361, "column": 7 }, "end": { "line": 367, "column": null } },
				"line": 361
			},
			"1": {
				"name": "(anonymous_1)",
				"decl": { "start": { "line": 431, "column": 7 }, "end": { "line": 431, "column": 12 } },
				"loc": { "start": { "line": 431, "column": 7 }, "end": { "line": 435, "column": null } },
				"line": 431
			},
			"2": {
				"name": "(anonymous_2)",
				"decl": { "start": { "line": 461, "column": 7 }, "end": { "line": 461, "column": 12 } },
				"loc": { "start": { "line": 461, "column": 7 }, "end": { "line": 465, "column": null } },
				"line": 461
			},
			"3": {
				"name": "(anonymous_3)",
				"decl": { "start": { "line": 505, "column": 7 }, "end": { "line": 505, "column": 12 } },
				"loc": { "start": { "line": 505, "column": 7 }, "end": { "line": 518, "column": null } },
				"line": 505
			},
			"4": {
				"name": "(anonymous_4)",
				"decl": { "start": { "line": 524, "column": 7 }, "end": { "line": 524, "column": 12 } },
				"loc": { "start": { "line": 524, "column": 7 }, "end": { "line": 533, "column": null } },
				"line": 524
			}
		},
		"branchMap": {},
		"s": {
			"0": 5,
			"1": 5,
			"2": 5,
			"3": 5,
			"4": 5,
			"5": 5,
			"6": 5,
			"7": 5,
			"8": 5,
			"9": 5,
			"10": 5,
			"11": 5,
			"12": 5,
			"13": 5,
			"14": 5,
			"15": 5,
			"16": 5,
			"17": 5,
			"18": 5,
			"19": 5,
			"20": 5,
			"21": 5,
			"22": 5,
			"23": 5,
			"24": 5,
			"25": 5,
			"26": 5,
			"27": 5,
			"28": 5,
			"29": 5,
			"30": 5,
			"31": 5,
			"32": 5,
			"33": 5,
			"34": 5,
			"35": 5,
			"36": 5,
			"37": 5,
			"38": 5,
			"39": 5,
			"40": 5,
			"41": 5,
			"42": 5,
			"43": 5,
			"44": 5,
			"45": 5,
			"46": 5,
			"47": 5,
			"48": 5
		},
		"f": { "0": 5, "1": 5, "2": 5, "3": 5, "4": 5 },
		"b": {},
		"meta": {
			"lastBranch": 0,
			"lastFunction": 5,
			"lastStatement": 49,
			"seen": {
				"s:77:43:85:Infinity": 0,
				"s:93:49:113:Infinity": 1,
				"s:121:38:121:Infinity": 2,
				"s:129:47:137:Infinity": 3,
				"s:145:42:145:Infinity": 4,
				"s:153:42:163:Infinity": 5,
				"s:171:34:171:Infinity": 6,
				"s:175:40:178:Infinity": 7,
				"s:182:38:186:Infinity": 8,
				"s:194:61:197:Infinity": 9,
				"s:199:58:211:Infinity": 10,
				"s:223:35:229:Infinity": 11,
				"s:361:7:367:Infinity": 12,
				"f:361:7:361:12": 0,
				"s:362:1:362:Infinity": 13,
				"s:363:1:363:Infinity": 14,
				"s:364:1:364:Infinity": 15,
				"s:365:1:365:Infinity": 16,
				"s:366:1:366:Infinity": 17,
				"s:384:37:384:Infinity": 18,
				"s:385:36:385:Infinity": 19,
				"s:391:28:400:Infinity": 20,
				"s:408:39:423:Infinity": 21,
				"s:431:7:435:Infinity": 22,
				"f:431:7:431:12": 1,
				"s:432:1:432:Infinity": 23,
				"s:433:1:433:Infinity": 24,
				"s:434:1:434:Infinity": 25,
				"s:437:37:453:Infinity": 26,
				"s:461:7:465:Infinity": 27,
				"f:461:7:461:12": 2,
				"s:462:1:462:Infinity": 28,
				"s:463:1:463:Infinity": 29,
				"s:464:1:464:Infinity": 30,
				"s:467:39:497:Infinity": 31,
				"s:505:7:518:Infinity": 32,
				"f:505:7:505:12": 3,
				"s:506:1:506:Infinity": 33,
				"s:508:1:508:Infinity": 34,
				"s:509:1:509:Infinity": 35,
				"s:511:1:511:Infinity": 36,
				"s:513:1:513:Infinity": 37,
				"s:514:1:514:Infinity": 38,
				"s:516:1:516:Infinity": 39,
				"s:517:1:517:Infinity": 40,
				"s:524:7:533:Infinity": 41,
				"f:524:7:524:12": 4,
				"s:525:1:525:Infinity": 42,
				"s:526:1:526:Infinity": 43,
				"s:528:1:528:Infinity": 44,
				"s:529:1:529:Infinity": 45,
				"s:531:1:531:Infinity": 46,
				"s:532:1:532:Infinity": 47,
				"s:556:32:570:Infinity": 48
			},
			"fnNames": {}
		}
	},
	"C:\\Users\\k1yt\\OneDrive\\Projects\\ZooCode\\packages\\types\\src\\codebase-index.ts": {
		"path": "C:\\Users\\k1yt\\OneDrive\\Projects\\ZooCode\\packages\\types\\src\\codebase-index.ts",
		"statementMap": {
			"0": { "start": { "line": 6, "column": 39 }, "end": { "line": 15, "column": null } },
			"1": { "start": { "line": 21, "column": 41 }, "end": { "line": 54, "column": null } },
			"2": { "start": { "line": 62, "column": 41 }, "end": { "line": 72, "column": null } },
			"3": { "start": { "line": 80, "column": 43 }, "end": { "line": 90, "column": null } }
		},
		"fnMap": {},
		"branchMap": {},
		"s": { "0": 8, "1": 8, "2": 8, "3": 8 },
		"f": {},
		"b": {},
		"meta": {
			"lastBranch": 0,
			"lastFunction": 0,
			"lastStatement": 4,
			"seen": {
				"s:6:39:15:Infinity": 0,
				"s:21:41:54:Infinity": 1,
				"s:62:41:72:Infinity": 2,
				"s:80:43:90:Infinity": 3
			},
			"fnNames": {}
		}
	},
	"C:\\Users\\k1yt\\OneDrive\\Projects\\ZooCode\\packages\\types\\src\\context-management.ts": {
		"path": "C:\\Users\\k1yt\\OneDrive\\Projects\\ZooCode\\packages\\types\\src\\context-management.ts",
		"statementMap": {
			"0": { "start": { "line": 18, "column": 41 }, "end": { "line": 22, "column": null } },
			"1": { "start": { "line": 33, "column": 1 }, "end": { "line": 33, "column": null } }
		},
		"fnMap": {
			"0": {
				"name": "isContextManagementEvent",
				"decl": { "start": { "line": 32, "column": 16 }, "end": { "line": 32, "column": 41 } },
				"loc": { "start": { "line": 32, "column": 90 }, "end": { "line": 34, "column": null } },
				"line": 32
			}
		},
		"branchMap": {
			"0": {
				"loc": { "start": { "line": 33, "column": 8 }, "end": { "line": 33, "column": null } },
				"type": "binary-expr",
				"locations": [
					{ "start": { "line": 33, "column": 8 }, "end": { "line": 33, "column": 38 } },
					{ "start": { "line": 33, "column": 38 }, "end": { "line": 33, "column": null } }
				],
				"line": 33
			}
		},
		"s": { "0": 5, "1": 7 },
		"f": { "0": 7 },
		"b": { "0": [7, 5] },
		"meta": {
			"lastBranch": 1,
			"lastFunction": 1,
			"lastStatement": 2,
			"seen": {
				"s:18:41:22:Infinity": 0,
				"f:32:16:32:41": 0,
				"s:33:1:33:Infinity": 1,
				"b:33:8:33:38:33:38:33:Infinity": 0
			},
			"fnNames": {}
		}
	},
	"C:\\Users\\k1yt\\OneDrive\\Projects\\ZooCode\\packages\\types\\src\\cookie-consent.ts": {
		"path": "C:\\Users\\k1yt\\OneDrive\\Projects\\ZooCode\\packages\\types\\src\\cookie-consent.ts",
		"statementMap": {
			"0": { "start": { "line": 10, "column": 35 }, "end": { "line": 10, "column": null } },
			"1": { "start": { "line": 20, "column": 37 }, "end": { "line": 22, "column": null } }
		},
		"fnMap": {},
		"branchMap": {},
		"s": { "0": 4, "1": 4 },
		"f": {},
		"b": {},
		"meta": {
			"lastBranch": 0,
			"lastFunction": 0,
			"lastStatement": 2,
			"seen": { "s:10:35:10:Infinity": 0, "s:20:37:22:Infinity": 1 },
			"fnNames": {}
		}
	},
	"C:\\Users\\k1yt\\OneDrive\\Projects\\ZooCode\\packages\\types\\src\\custom-tool.ts": {
		"path": "C:\\Users\\k1yt\\OneDrive\\Projects\\ZooCode\\packages\\types\\src\\custom-tool.ts",
		"statementMap": { "0": { "start": { "line": 103, "column": 1 }, "end": { "line": 103, "column": null } } },
		"fnMap": {
			"0": {
				"name": "defineCustomTool",
				"decl": { "start": { "line": 100, "column": 16 }, "end": { "line": 100, "column": null } },
				"loc": { "start": { "line": 102, "column": 32 }, "end": { "line": 104, "column": null } },
				"line": 102
			}
		},
		"branchMap": {},
		"s": { "0": 3 },
		"f": { "0": 3 },
		"b": {},
		"meta": {
			"lastBranch": 0,
			"lastFunction": 1,
			"lastStatement": 1,
			"seen": { "f:100:16:100:Infinity": 0, "s:103:1:103:Infinity": 0 },
			"fnNames": {}
		}
	},
	"C:\\Users\\k1yt\\OneDrive\\Projects\\ZooCode\\packages\\types\\src\\embedding.ts": {
		"path": "C:\\Users\\k1yt\\OneDrive\\Projects\\ZooCode\\packages\\types\\src\\embedding.ts",
		"statementMap": {},
		"fnMap": {},
		"branchMap": {},
		"s": {},
		"f": {},
		"b": {},
		"meta": { "lastBranch": 0, "lastFunction": 0, "lastStatement": 0, "seen": {}, "fnNames": {} }
	},
	"C:\\Users\\k1yt\\OneDrive\\Projects\\ZooCode\\packages\\types\\src\\events.ts": {
		"path": "C:\\Users\\k1yt\\OneDrive\\Projects\\ZooCode\\packages\\types\\src\\events.ts",
		"statementMap": {
			"0": { "start": { "line": 11, "column": 7 }, "end": { "line": 53, "column": null } },
			"1": { "start": { "line": 13, "column": 1 }, "end": { "line": 13, "column": null } },
			"2": { "start": { "line": 16, "column": 1 }, "end": { "line": 16, "column": null } },
			"3": { "start": { "line": 17, "column": 1 }, "end": { "line": 17, "column": null } },
			"4": { "start": { "line": 18, "column": 1 }, "end": { "line": 18, "column": null } },
			"5": { "start": { "line": 19, "column": 1 }, "end": { "line": 19, "column": null } },
			"6": { "start": { "line": 20, "column": 1 }, "end": { "line": 20, "column": null } },
			"7": { "start": { "line": 21, "column": 1 }, "end": { "line": 21, "column": null } },
			"8": { "start": { "line": 22, "column": 1 }, "end": { "line": 22, "column": null } },
			"9": { "start": { "line": 23, "column": 1 }, "end": { "line": 23, "column": null } },
			"10": { "start": { "line": 24, "column": 1 }, "end": { "line": 24, "column": null } },
			"11": { "start": { "line": 27, "column": 1 }, "end": { "line": 27, "column": null } },
			"12": { "start": { "line": 28, "column": 1 }, "end": { "line": 28, "column": null } },
			"13": { "start": { "line": 29, "column": 1 }, "end": { "line": 29, "column": null } },
			"14": { "start": { "line": 30, "column": 1 }, "end": { "line": 30, "column": null } },
			"15": { "start": { "line": 31, "column": 1 }, "end": { "line": 31, "column": null } },
			"16": { "start": { "line": 32, "column": 1 }, "end": { "line": 32, "column": null } },
			"17": { "start": { "line": 35, "column": 1 }, "end": { "line": 35, "column": null } },
			"18": { "start": { "line": 36, "column": 1 }, "end": { "line": 36, "column": null } },
			"19": { "start": { "line": 37, "column": 1 }, "end": { "line": 37, "column": null } },
			"20": { "start": { "line": 38, "column": 1 }, "end": { "line": 38, "column": null } },
			"21": { "start": { "line": 39, "column": 1 }, "end": { "line": 39, "column": null } },
			"22": { "start": { "line": 42, "column": 1 }, "end": { "line": 42, "column": null } },
			"23": { "start": { "line": 43, "column": 1 }, "end": { "line": 43, "column": null } },
			"24": { "start": { "line": 46, "column": 1 }, "end": { "line": 46, "column": null } },
			"25": { "start": { "line": 47, "column": 1 }, "end": { "line": 47, "column": null } },
			"26": { "start": { "line": 50, "column": 1 }, "end": { "line": 50, "column": null } },
			"27": { "start": { "line": 51, "column": 1 }, "end": { "line": 51, "column": null } },
			"28": { "start": { "line": 52, "column": 1 }, "end": { "line": 52, "column": null } },
			"29": { "start": { "line": 59, "column": 35 }, "end": { "line": 127, "column": null } },
			"30": { "start": { "line": 135, "column": 31 }, "end": { "line": 272, "column": null } }
		},
		"fnMap": {
			"0": {
				"name": "(anonymous_0)",
				"decl": { "start": { "line": 11, "column": 7 }, "end": { "line": 11, "column": 12 } },
				"loc": { "start": { "line": 11, "column": 7 }, "end": { "line": 53, "column": null } },
				"line": 11
			}
		},
		"branchMap": {},
		"s": {
			"0": 6,
			"1": 6,
			"2": 6,
			"3": 6,
			"4": 6,
			"5": 6,
			"6": 6,
			"7": 6,
			"8": 6,
			"9": 6,
			"10": 6,
			"11": 6,
			"12": 6,
			"13": 6,
			"14": 6,
			"15": 6,
			"16": 6,
			"17": 6,
			"18": 6,
			"19": 6,
			"20": 6,
			"21": 6,
			"22": 6,
			"23": 6,
			"24": 6,
			"25": 6,
			"26": 6,
			"27": 6,
			"28": 6,
			"29": 6,
			"30": 6
		},
		"f": { "0": 6 },
		"b": {},
		"meta": {
			"lastBranch": 0,
			"lastFunction": 1,
			"lastStatement": 31,
			"seen": {
				"s:11:7:53:Infinity": 0,
				"f:11:7:11:12": 0,
				"s:13:1:13:Infinity": 1,
				"s:16:1:16:Infinity": 2,
				"s:17:1:17:Infinity": 3,
				"s:18:1:18:Infinity": 4,
				"s:19:1:19:Infinity": 5,
				"s:20:1:20:Infinity": 6,
				"s:21:1:21:Infinity": 7,
				"s:22:1:22:Infinity": 8,
				"s:23:1:23:Infinity": 9,
				"s:24:1:24:Infinity": 10,
				"s:27:1:27:Infinity": 11,
				"s:28:1:28:Infinity": 12,
				"s:29:1:29:Infinity": 13,
				"s:30:1:30:Infinity": 14,
				"s:31:1:31:Infinity": 15,
				"s:32:1:32:Infinity": 16,
				"s:35:1:35:Infinity": 17,
				"s:36:1:36:Infinity": 18,
				"s:37:1:37:Infinity": 19,
				"s:38:1:38:Infinity": 20,
				"s:39:1:39:Infinity": 21,
				"s:42:1:42:Infinity": 22,
				"s:43:1:43:Infinity": 23,
				"s:46:1:46:Infinity": 24,
				"s:47:1:47:Infinity": 25,
				"s:50:1:50:Infinity": 26,
				"s:51:1:51:Infinity": 27,
				"s:52:1:52:Infinity": 28,
				"s:59:35:127:Infinity": 29,
				"s:135:31:272:Infinity": 30
			},
			"fnNames": {}
		}
	},
	"C:\\Users\\k1yt\\OneDrive\\Projects\\ZooCode\\packages\\types\\src\\experiment.ts": {
		"path": "C:\\Users\\k1yt\\OneDrive\\Projects\\ZooCode\\packages\\types\\src\\experiment.ts",
		"statementMap": {
			"0": { "start": { "line": 9, "column": 29 }, "end": { "line": 15, "column": null } },
			"1": { "start": { "line": 17, "column": 35 }, "end": { "line": 17, "column": null } },
			"2": { "start": { "line": 25, "column": 33 }, "end": { "line": 31, "column": null } }
		},
		"fnMap": {},
		"branchMap": {},
		"s": { "0": 7, "1": 7, "2": 7 },
		"f": {},
		"b": {},
		"meta": {
			"lastBranch": 0,
			"lastFunction": 0,
			"lastStatement": 3,
			"seen": { "s:9:29:15:Infinity": 0, "s:17:35:17:Infinity": 1, "s:25:33:31:Infinity": 2 },
			"fnNames": {}
		}
	},
	"C:\\Users\\k1yt\\OneDrive\\Projects\\ZooCode\\packages\\types\\src\\followup.ts": {
		"path": "C:\\Users\\k1yt\\OneDrive\\Projects\\ZooCode\\packages\\types\\src\\followup.ts",
		"statementMap": {
			"0": { "start": { "line": 25, "column": 13 }, "end": { "line": 36, "column": null } },
			"1": { "start": { "line": 26, "column": 1 }, "end": { "line": 28, "column": null } },
			"2": { "start": { "line": 27, "column": 2 }, "end": { "line": 27, "column": null } },
			"3": { "start": { "line": 30, "column": 1 }, "end": { "line": 33, "column": null } },
			"4": { "start": { "line": 31, "column": 20 }, "end": { "line": 31, "column": null } },
			"5": { "start": { "line": 32, "column": 2 }, "end": { "line": 32, "column": null } },
			"6": { "start": { "line": 35, "column": 1 }, "end": { "line": 35, "column": null } },
			"7": { "start": { "line": 41, "column": 36 }, "end": { "line": 44, "column": null } },
			"8": { "start": { "line": 49, "column": 34 }, "end": { "line": 52, "column": null } }
		},
		"fnMap": {
			"0": {
				"name": "(anonymous_0)",
				"decl": { "start": { "line": 25, "column": 13 }, "end": { "line": 25, "column": 34 } },
				"loc": { "start": { "line": 25, "column": 72 }, "end": { "line": 36, "column": null } },
				"line": 25
			}
		},
		"branchMap": {
			"0": {
				"loc": { "start": { "line": 26, "column": 1 }, "end": { "line": 28, "column": null } },
				"type": "if",
				"locations": [
					{ "start": { "line": 26, "column": 1 }, "end": { "line": 28, "column": null } },
					{ "start": {}, "end": {} }
				],
				"line": 26
			},
			"1": {
				"loc": { "start": { "line": 26, "column": 5 }, "end": { "line": 26, "column": 57 } },
				"type": "binary-expr",
				"locations": [
					{ "start": { "line": 26, "column": 5 }, "end": { "line": 26, "column": 33 } },
					{ "start": { "line": 26, "column": 33 }, "end": { "line": 26, "column": 57 } }
				],
				"line": 26
			},
			"2": {
				"loc": { "start": { "line": 30, "column": 1 }, "end": { "line": 33, "column": null } },
				"type": "if",
				"locations": [
					{ "start": { "line": 30, "column": 1 }, "end": { "line": 33, "column": null } },
					{ "start": {}, "end": {} }
				],
				"line": 30
			},
			"3": {
				"loc": { "start": { "line": 30, "column": 5 }, "end": { "line": 30, "column": 62 } },
				"type": "binary-expr",
				"locations": [
					{ "start": { "line": 30, "column": 5 }, "end": { "line": 30, "column": 13 } },
					{ "start": { "line": 30, "column": 13 }, "end": { "line": 30, "column": 41 } },
					{ "start": { "line": 30, "column": 41 }, "end": { "line": 30, "column": 62 } }
				],
				"line": 30
			},
			"4": {
				"loc": { "start": { "line": 32, "column": 9 }, "end": { "line": 32, "column": null } },
				"type": "cond-expr",
				"locations": [
					{ "start": { "line": 32, "column": 70 }, "end": { "line": 32, "column": 88 } },
					{ "start": { "line": 32, "column": 88 }, "end": { "line": 32, "column": null } }
				],
				"line": 32
			},
			"5": {
				"loc": { "start": { "line": 32, "column": 9 }, "end": { "line": 32, "column": 70 } },
				"type": "binary-expr",
				"locations": [
					{ "start": { "line": 32, "column": 9 }, "end": { "line": 32, "column": 41 } },
					{ "start": { "line": 32, "column": 41 }, "end": { "line": 32, "column": 70 } }
				],
				"line": 32
			}
		},
		"s": { "0": 4, "1": 0, "2": 0, "3": 0, "4": 0, "5": 0, "6": 0, "7": 4, "8": 4 },
		"f": { "0": 0 },
		"b": { "0": [0, 0], "1": [0, 0], "2": [0, 0], "3": [0, 0, 0], "4": [0, 0], "5": [0, 0] },
		"meta": {
			"lastBranch": 6,
			"lastFunction": 1,
			"lastStatement": 9,
			"seen": {
				"s:25:13:36:Infinity": 0,
				"f:25:13:25:34": 0,
				"b:26:1:28:Infinity:undefined:undefined:undefined:undefined": 0,
				"s:26:1:28:Infinity": 1,
				"b:26:5:26:33:26:33:26:57": 1,
				"s:27:2:27:Infinity": 2,
				"b:30:1:33:Infinity:undefined:undefined:undefined:undefined": 2,
				"s:30:1:33:Infinity": 3,
				"b:30:5:30:13:30:13:30:41:30:41:30:62": 3,
				"s:31:20:31:Infinity": 4,
				"s:32:2:32:Infinity": 5,
				"b:32:70:32:88:32:88:32:Infinity": 4,
				"b:32:9:32:41:32:41:32:70": 5,
				"s:35:1:35:Infinity": 6,
				"s:41:36:44:Infinity": 7,
				"s:49:34:52:Infinity": 8
			},
			"fnNames": {}
		}
	},
	"C:\\Users\\k1yt\\OneDrive\\Projects\\ZooCode\\packages\\types\\src\\git.ts": {
		"path": "C:\\Users\\k1yt\\OneDrive\\Projects\\ZooCode\\packages\\types\\src\\git.ts",
		"statementMap": {},
		"fnMap": {},
		"branchMap": {},
		"s": {},
		"f": {},
		"b": {},
		"meta": { "lastBranch": 0, "lastFunction": 0, "lastStatement": 0, "seen": {}, "fnNames": {} }
	},
	"C:\\Users\\k1yt\\OneDrive\\Projects\\ZooCode\\packages\\types\\src\\global-settings.ts": {
		"path": "C:\\Users\\k1yt\\OneDrive\\Projects\\ZooCode\\packages\\types\\src\\global-settings.ts",
		"statementMap": {
			"0": { "start": { "line": 23, "column": 38 }, "end": { "line": 23, "column": null } },
			"1": { "start": { "line": 35, "column": 51 }, "end": { "line": 35, "column": null } },
			"2": { "start": { "line": 36, "column": 69 }, "end": { "line": 36, "column": null } },
			"3": { "start": { "line": 37, "column": 55 }, "end": { "line": 37, "column": null } },
			"4": { "start": { "line": 47, "column": 44 }, "end": { "line": 47, "column": null } },
			"5": { "start": { "line": 72, "column": 81 }, "end": { "line": 76, "column": null } },
			"6": { "start": { "line": 83, "column": 79 }, "end": { "line": 83, "column": null } },
			"7": { "start": { "line": 88, "column": 46 }, "end": { "line": 88, "column": null } },
			"8": { "start": { "line": 93, "column": 46 }, "end": { "line": 93, "column": null } },
			"9": { "start": { "line": 98, "column": 50 }, "end": { "line": 98, "column": null } },
			"10": { "start": { "line": 104, "column": 36 }, "end": { "line": 273, "column": null } },
			"11": { "start": { "line": 277, "column": 36 }, "end": { "line": 277, "column": null } },
			"12": { "start": { "line": 283, "column": 37 }, "end": { "line": 283, "column": null } },
			"13": { "start": { "line": 290, "column": 33 }, "end": { "line": 325, "column": null } },
			"14": { "start": { "line": 328, "column": 34 }, "end": { "line": 330, "column": null } },
			"15": { "start": { "line": 341, "column": 13 }, "end": { "line": 342, "column": null } },
			"16": { "start": { "line": 342, "column": 1 }, "end": { "line": 342, "column": null } },
			"17": { "start": { "line": 350, "column": 33 }, "end": { "line": 352, "column": null } },
			"18": { "start": { "line": 351, "column": 33 }, "end": { "line": 351, "column": null } },
			"19": { "start": { "line": 354, "column": 13 }, "end": { "line": 355, "column": null } },
			"20": { "start": { "line": 355, "column": 1 }, "end": { "line": 355, "column": null } }
		},
		"fnMap": {
			"0": {
				"name": "(anonymous_0)",
				"decl": { "start": { "line": 341, "column": 13 }, "end": { "line": 341, "column": 33 } },
				"loc": { "start": { "line": 342, "column": 1 }, "end": { "line": 342, "column": null } },
				"line": 342
			},
			"1": {
				"name": "(anonymous_1)",
				"decl": { "start": { "line": 350, "column": 86 }, "end": { "line": 350, "column": null } },
				"loc": { "start": { "line": 351, "column": 33 }, "end": { "line": 351, "column": null } },
				"line": 351
			},
			"2": {
				"name": "(anonymous_2)",
				"decl": { "start": { "line": 354, "column": 13 }, "end": { "line": 354, "column": 33 } },
				"loc": { "start": { "line": 355, "column": 1 }, "end": { "line": 355, "column": null } },
				"line": 355
			}
		},
		"branchMap": {
			"0": {
				"loc": { "start": { "line": 342, "column": 1 }, "end": { "line": 342, "column": null } },
				"type": "binary-expr",
				"locations": [
					{ "start": { "line": 342, "column": 1 }, "end": { "line": 342, "column": 57 } },
					{ "start": { "line": 342, "column": 57 }, "end": { "line": 342, "column": null } }
				],
				"line": 342
			}
		},
		"s": {
			"0": 7,
			"1": 7,
			"2": 7,
			"3": 7,
			"4": 7,
			"5": 7,
			"6": 7,
			"7": 7,
			"8": 7,
			"9": 7,
			"10": 7,
			"11": 7,
			"12": 7,
			"13": 7,
			"14": 7,
			"15": 7,
			"16": 1498,
			"17": 7,
			"18": 1498,
			"19": 7,
			"20": 0
		},
		"f": { "0": 1498, "1": 1498, "2": 0 },
		"b": { "0": [1498, 1260] },
		"meta": {
			"lastBranch": 1,
			"lastFunction": 3,
			"lastStatement": 21,
			"seen": {
				"s:23:38:23:Infinity": 0,
				"s:35:51:35:Infinity": 1,
				"s:36:69:36:Infinity": 2,
				"s:37:55:37:Infinity": 3,
				"s:47:44:47:Infinity": 4,
				"s:72:81:76:Infinity": 5,
				"s:83:79:83:Infinity": 6,
				"s:88:46:88:Infinity": 7,
				"s:93:46:93:Infinity": 8,
				"s:98:50:98:Infinity": 9,
				"s:104:36:273:Infinity": 10,
				"s:277:36:277:Infinity": 11,
				"s:283:37:283:Infinity": 12,
				"s:290:33:325:Infinity": 13,
				"s:328:34:330:Infinity": 14,
				"s:341:13:342:Infinity": 15,
				"f:341:13:341:33": 0,
				"s:342:1:342:Infinity": 16,
				"b:342:1:342:57:342:57:342:Infinity": 0,
				"s:350:33:352:Infinity": 17,
				"f:350:86:350:Infinity": 1,
				"s:351:33:351:Infinity": 18,
				"s:354:13:355:Infinity": 19,
				"f:354:13:354:33": 2,
				"s:355:1:355:Infinity": 20
			},
			"fnNames": {}
		}
	},
	"C:\\Users\\k1yt\\OneDrive\\Projects\\ZooCode\\packages\\types\\src\\history.ts": {
		"path": "C:\\Users\\k1yt\\OneDrive\\Projects\\ZooCode\\packages\\types\\src\\history.ts",
		"statementMap": { "0": { "start": { "line": 7, "column": 33 }, "end": { "line": 29, "column": null } } },
		"fnMap": {},
		"branchMap": {},
		"s": { "0": 7 },
		"f": {},
		"b": {},
		"meta": {
			"lastBranch": 0,
			"lastFunction": 0,
			"lastStatement": 1,
			"seen": { "s:7:33:29:Infinity": 0 },
			"fnNames": {}
		}
	},
	"C:\\Users\\k1yt\\OneDrive\\Projects\\ZooCode\\packages\\types\\src\\image-generation.ts": {
		"path": "C:\\Users\\k1yt\\OneDrive\\Projects\\ZooCode\\packages\\types\\src\\image-generation.ts",
		"statementMap": {
			"0": { "start": { "line": 17, "column": 63 }, "end": { "line": 25, "column": null } },
			"1": { "start": { "line": 30, "column": 42 }, "end": { "line": 30, "column": null } },
			"2": { "start": { "line": 30, "column": 77 }, "end": { "line": 30, "column": 84 } },
			"3": { "start": { "line": 47, "column": 1 }, "end": { "line": 47, "column": null } }
		},
		"fnMap": {
			"0": {
				"name": "(anonymous_0)",
				"decl": { "start": { "line": 30, "column": 66 }, "end": { "line": 30, "column": 71 } },
				"loc": { "start": { "line": 30, "column": 77 }, "end": { "line": 30, "column": 84 } },
				"line": 30
			},
			"1": {
				"name": "getImageGenerationProvider",
				"decl": { "start": { "line": 43, "column": 16 }, "end": { "line": 43, "column": null } },
				"loc": { "start": { "line": 46, "column": 27 }, "end": { "line": 48, "column": null } },
				"line": 46
			}
		},
		"branchMap": {
			"0": {
				"loc": { "start": { "line": 47, "column": 8 }, "end": { "line": 47, "column": null } },
				"type": "cond-expr",
				"locations": [
					{ "start": { "line": 47, "column": 41 }, "end": { "line": 47, "column": 60 } },
					{ "start": { "line": 47, "column": 60 }, "end": { "line": 47, "column": null } }
				],
				"line": 47
			}
		},
		"s": { "0": 4, "1": 4, "2": 24, "3": 0 },
		"f": { "0": 24, "1": 0 },
		"b": { "0": [0, 0] },
		"meta": {
			"lastBranch": 1,
			"lastFunction": 2,
			"lastStatement": 4,
			"seen": {
				"s:17:63:25:Infinity": 0,
				"s:30:42:30:Infinity": 1,
				"f:30:66:30:71": 0,
				"s:30:77:30:84": 2,
				"f:43:16:43:Infinity": 1,
				"s:47:1:47:Infinity": 3,
				"b:47:41:47:60:47:60:47:Infinity": 0
			},
			"fnNames": {}
		}
	},
	"C:\\Users\\k1yt\\OneDrive\\Projects\\ZooCode\\packages\\types\\src\\index.ts": {
		"path": "C:\\Users\\k1yt\\OneDrive\\Projects\\ZooCode\\packages\\types\\src\\index.ts",
		"statementMap": {},
		"fnMap": {},
		"branchMap": {},
		"s": {},
		"f": {},
		"b": {},
		"meta": { "lastBranch": 0, "lastFunction": 0, "lastStatement": 0, "seen": {}, "fnNames": {} }
	},
	"C:\\Users\\k1yt\\OneDrive\\Projects\\ZooCode\\packages\\types\\src\\ipc.ts": {
		"path": "C:\\Users\\k1yt\\OneDrive\\Projects\\ZooCode\\packages\\types\\src\\ipc.ts",
		"statementMap": {
			"0": { "start": { "line": 10, "column": 7 }, "end": { "line": 16, "column": null } },
			"1": { "start": { "line": 11, "column": 1 }, "end": { "line": 11, "column": null } },
			"2": { "start": { "line": 12, "column": 1 }, "end": { "line": 12, "column": null } },
			"3": { "start": { "line": 13, "column": 1 }, "end": { "line": 13, "column": null } },
			"4": { "start": { "line": 14, "column": 1 }, "end": { "line": 14, "column": null } },
			"5": { "start": { "line": 15, "column": 1 }, "end": { "line": 15, "column": null } },
			"6": { "start": { "line": 22, "column": 7 }, "end": { "line": 25, "column": null } },
			"7": { "start": { "line": 23, "column": 1 }, "end": { "line": 23, "column": null } },
			"8": { "start": { "line": 24, "column": 1 }, "end": { "line": 24, "column": null } },
			"9": { "start": { "line": 31, "column": 25 }, "end": { "line": 35, "column": null } },
			"10": { "start": { "line": 43, "column": 7 }, "end": { "line": 53, "column": null } },
			"11": { "start": { "line": 44, "column": 1 }, "end": { "line": 44, "column": null } },
			"12": { "start": { "line": 45, "column": 1 }, "end": { "line": 45, "column": null } },
			"13": { "start": { "line": 46, "column": 1 }, "end": { "line": 46, "column": null } },
			"14": { "start": { "line": 47, "column": 1 }, "end": { "line": 47, "column": null } },
			"15": { "start": { "line": 48, "column": 1 }, "end": { "line": 48, "column": null } },
			"16": { "start": { "line": 49, "column": 1 }, "end": { "line": 49, "column": null } },
			"17": { "start": { "line": 50, "column": 1 }, "end": { "line": 50, "column": null } },
			"18": { "start": { "line": 51, "column": 1 }, "end": { "line": 51, "column": null } },
			"19": { "start": { "line": 52, "column": 1 }, "end": { "line": 52, "column": null } },
			"20": { "start": { "line": 59, "column": 33 }, "end": { "line": 99, "column": null } },
			"21": { "start": { "line": 107, "column": 32 }, "end": { "line": 125, "column": null } }
		},
		"fnMap": {
			"0": {
				"name": "(anonymous_0)",
				"decl": { "start": { "line": 10, "column": 7 }, "end": { "line": 10, "column": 12 } },
				"loc": { "start": { "line": 10, "column": 7 }, "end": { "line": 16, "column": null } },
				"line": 10
			},
			"1": {
				"name": "(anonymous_1)",
				"decl": { "start": { "line": 22, "column": 7 }, "end": { "line": 22, "column": 12 } },
				"loc": { "start": { "line": 22, "column": 7 }, "end": { "line": 25, "column": null } },
				"line": 22
			},
			"2": {
				"name": "(anonymous_2)",
				"decl": { "start": { "line": 43, "column": 7 }, "end": { "line": 43, "column": 12 } },
				"loc": { "start": { "line": 43, "column": 7 }, "end": { "line": 53, "column": null } },
				"line": 43
			}
		},
		"branchMap": {},
		"s": {
			"0": 5,
			"1": 5,
			"2": 5,
			"3": 5,
			"4": 5,
			"5": 5,
			"6": 5,
			"7": 5,
			"8": 5,
			"9": 5,
			"10": 5,
			"11": 5,
			"12": 5,
			"13": 5,
			"14": 5,
			"15": 5,
			"16": 5,
			"17": 5,
			"18": 5,
			"19": 5,
			"20": 5,
			"21": 5
		},
		"f": { "0": 5, "1": 5, "2": 5 },
		"b": {},
		"meta": {
			"lastBranch": 0,
			"lastFunction": 3,
			"lastStatement": 22,
			"seen": {
				"s:10:7:16:Infinity": 0,
				"f:10:7:10:12": 0,
				"s:11:1:11:Infinity": 1,
				"s:12:1:12:Infinity": 2,
				"s:13:1:13:Infinity": 3,
				"s:14:1:14:Infinity": 4,
				"s:15:1:15:Infinity": 5,
				"s:22:7:25:Infinity": 6,
				"f:22:7:22:12": 1,
				"s:23:1:23:Infinity": 7,
				"s:24:1:24:Infinity": 8,
				"s:31:25:35:Infinity": 9,
				"s:43:7:53:Infinity": 10,
				"f:43:7:43:12": 2,
				"s:44:1:44:Infinity": 11,
				"s:45:1:45:Infinity": 12,
				"s:46:1:46:Infinity": 13,
				"s:47:1:47:Infinity": 14,
				"s:48:1:48:Infinity": 15,
				"s:49:1:49:Infinity": 16,
				"s:50:1:50:Infinity": 17,
				"s:51:1:51:Infinity": 18,
				"s:52:1:52:Infinity": 19,
				"s:59:33:99:Infinity": 20,
				"s:107:32:125:Infinity": 21
			},
			"fnNames": {}
		}
	},
	"C:\\Users\\k1yt\\OneDrive\\Projects\\ZooCode\\packages\\types\\src\\marketplace.ts": {
		"path": "C:\\Users\\k1yt\\OneDrive\\Projects\\ZooCode\\packages\\types\\src\\marketplace.ts",
		"statementMap": {
			"0": { "start": { "line": 6, "column": 34 }, "end": { "line": 11, "column": null } },
			"1": { "start": { "line": 18, "column": 43 }, "end": { "line": 23, "column": null } },
			"2": { "start": { "line": 30, "column": 41 }, "end": { "line": 30, "column": null } },
			"3": { "start": { "line": 37, "column": 34 }, "end": { "line": 45, "column": null } },
			"4": { "start": { "line": 50, "column": 41 }, "end": { "line": 52, "column": null } },
			"5": { "start": { "line": 56, "column": 40 }, "end": { "line": 60, "column": null } },
			"6": { "start": { "line": 67, "column": 37 }, "end": { "line": 76, "column": null } },
			"7": { "start": { "line": 83, "column": 51 }, "end": { "line": 86, "column": null } }
		},
		"fnMap": {},
		"branchMap": {},
		"s": { "0": 5, "1": 5, "2": 5, "3": 5, "4": 5, "5": 5, "6": 5, "7": 5 },
		"f": {},
		"b": {},
		"meta": {
			"lastBranch": 0,
			"lastFunction": 0,
			"lastStatement": 8,
			"seen": {
				"s:6:34:11:Infinity": 0,
				"s:18:43:23:Infinity": 1,
				"s:30:41:30:Infinity": 2,
				"s:37:34:45:Infinity": 3,
				"s:50:41:52:Infinity": 4,
				"s:56:40:60:Infinity": 5,
				"s:67:37:76:Infinity": 6,
				"s:83:51:86:Infinity": 7
			},
			"fnNames": {}
		}
	},
	"C:\\Users\\k1yt\\OneDrive\\Projects\\ZooCode\\packages\\types\\src\\mcp.ts": {
		"path": "C:\\Users\\k1yt\\OneDrive\\Projects\\ZooCode\\packages\\types\\src\\mcp.ts",
		"statementMap": {
			"0": { "start": { "line": 7, "column": 39 }, "end": { "line": 7, "column": null } },
			"1": { "start": { "line": 24, "column": 40 }, "end": { "line": 46, "column": null } },
			"2": { "start": { "line": 162, "column": 19 }, "end": { "line": 162, "column": null } },
			"3": { "start": { "line": 163, "column": 17 }, "end": { "line": 163, "column": null } },
			"4": { "start": { "line": 165, "column": 1 }, "end": { "line": 183, "column": null } },
			"5": { "start": { "line": 167, "column": 2 }, "end": { "line": 167, "column": null } },
			"6": { "start": { "line": 167, "column": 23 }, "end": { "line": 167, "column": null } },
			"7": { "start": { "line": 170, "column": 2 }, "end": { "line": 170, "column": null } },
			"8": { "start": { "line": 170, "column": 37 }, "end": { "line": 170, "column": null } },
			"9": { "start": { "line": 172, "column": 2 }, "end": { "line": 172, "column": null } },
			"10": { "start": { "line": 175, "column": 2 }, "end": { "line": 182, "column": null } },
			"11": { "start": { "line": 176, "column": 3 }, "end": { "line": 181, "column": null } },
			"12": { "start": { "line": 178, "column": 4 }, "end": { "line": 180, "column": null } },
			"13": { "start": { "line": 179, "column": 5 }, "end": { "line": 179, "column": null } },
			"14": { "start": { "line": 185, "column": 1 }, "end": { "line": 185, "column": null } }
		},
		"fnMap": {
			"0": {
				"name": "countEnabledMcpTools",
				"decl": { "start": { "line": 161, "column": 16 }, "end": { "line": 161, "column": 37 } },
				"loc": { "start": { "line": 161, "column": 81 }, "end": { "line": 186, "column": null } },
				"line": 161
			}
		},
		"branchMap": {
			"0": {
				"loc": { "start": { "line": 167, "column": 2 }, "end": { "line": 167, "column": null } },
				"type": "if",
				"locations": [
					{ "start": { "line": 167, "column": 2 }, "end": { "line": 167, "column": null } },
					{ "start": {}, "end": {} }
				],
				"line": 167
			},
			"1": {
				"loc": { "start": { "line": 170, "column": 2 }, "end": { "line": 170, "column": null } },
				"type": "if",
				"locations": [
					{ "start": { "line": 170, "column": 2 }, "end": { "line": 170, "column": null } },
					{ "start": {}, "end": {} }
				],
				"line": 170
			},
			"2": {
				"loc": { "start": { "line": 175, "column": 2 }, "end": { "line": 182, "column": null } },
				"type": "if",
				"locations": [
					{ "start": { "line": 175, "column": 2 }, "end": { "line": 182, "column": null } },
					{ "start": {}, "end": {} }
				],
				"line": 175
			},
			"3": {
				"loc": { "start": { "line": 178, "column": 4 }, "end": { "line": 180, "column": null } },
				"type": "if",
				"locations": [
					{ "start": { "line": 178, "column": 4 }, "end": { "line": 180, "column": null } },
					{ "start": {}, "end": {} }
				],
				"line": 178
			}
		},
		"s": {
			"0": 4,
			"1": 4,
			"2": 0,
			"3": 0,
			"4": 0,
			"5": 0,
			"6": 0,
			"7": 0,
			"8": 0,
			"9": 0,
			"10": 0,
			"11": 0,
			"12": 0,
			"13": 0,
			"14": 0
		},
		"f": { "0": 0 },
		"b": { "0": [0, 0], "1": [0, 0], "2": [0, 0], "3": [0, 0] },
		"meta": {
			"lastBranch": 4,
			"lastFunction": 1,
			"lastStatement": 15,
			"seen": {
				"s:7:39:7:Infinity": 0,
				"s:24:40:46:Infinity": 1,
				"f:161:16:161:37": 0,
				"s:162:19:162:Infinity": 2,
				"s:163:17:163:Infinity": 3,
				"s:165:1:183:Infinity": 4,
				"b:167:2:167:Infinity:undefined:undefined:undefined:undefined": 0,
				"s:167:2:167:Infinity": 5,
				"s:167:23:167:Infinity": 6,
				"b:170:2:170:Infinity:undefined:undefined:undefined:undefined": 1,
				"s:170:2:170:Infinity": 7,
				"s:170:37:170:Infinity": 8,
				"s:172:2:172:Infinity": 9,
				"b:175:2:182:Infinity:undefined:undefined:undefined:undefined": 2,
				"s:175:2:182:Infinity": 10,
				"s:176:3:181:Infinity": 11,
				"b:178:4:180:Infinity:undefined:undefined:undefined:undefined": 3,
				"s:178:4:180:Infinity": 12,
				"s:179:5:179:Infinity": 13,
				"s:185:1:185:Infinity": 14
			},
			"fnNames": {}
		}
	},
	"C:\\Users\\k1yt\\OneDrive\\Projects\\ZooCode\\packages\\types\\src\\message.ts": {
		"path": "C:\\Users\\k1yt\\OneDrive\\Projects\\ZooCode\\packages\\types\\src\\message.ts",
		"statementMap": {
			"0": { "start": { "line": 27, "column": 25 }, "end": { "line": 39, "column": null } },
			"1": { "start": { "line": 41, "column": 30 }, "end": { "line": 41, "column": null } },
			"2": { "start": { "line": 50, "column": 24 }, "end": { "line": 56, "column": null } },
			"3": { "start": { "line": 61, "column": 1 }, "end": { "line": 61, "column": null } },
			"4": { "start": { "line": 70, "column": 29 }, "end": { "line": 70, "column": null } },
			"5": { "start": { "line": 75, "column": 1 }, "end": { "line": 75, "column": null } },
			"6": { "start": { "line": 84, "column": 31 }, "end": { "line": 84, "column": null } },
			"7": { "start": { "line": 89, "column": 1 }, "end": { "line": 89, "column": null } },
			"8": { "start": { "line": 99, "column": 31 }, "end": { "line": 99, "column": null } },
			"9": { "start": { "line": 104, "column": 1 }, "end": { "line": 104, "column": null } },
			"10": { "start": { "line": 144, "column": 25 }, "end": { "line": 174, "column": null } },
			"11": { "start": { "line": 176, "column": 30 }, "end": { "line": 176, "column": null } },
			"12": { "start": { "line": 184, "column": 40 }, "end": { "line": 187, "column": null } },
			"13": { "start": { "line": 204, "column": 37 }, "end": { "line": 210, "column": null } },
			"14": { "start": { "line": 229, "column": 39 }, "end": { "line": 234, "column": null } },
			"15": { "start": { "line": 250, "column": 34 }, "end": { "line": 275, "column": null } },
			"16": { "start": { "line": 284, "column": 6 }, "end": { "line": 286, "column": null } },
			"17": { "start": { "line": 285, "column": 1 }, "end": { "line": 285, "column": null } },
			"18": { "start": { "line": 288, "column": 6 }, "end": { "line": 290, "column": null } },
			"19": { "start": { "line": 289, "column": 1 }, "end": { "line": 289, "column": null } },
			"20": { "start": { "line": 292, "column": 6 }, "end": { "line": 297, "column": null } },
			"21": { "start": { "line": 293, "column": 1 }, "end": { "line": 295, "column": null } },
			"22": { "start": { "line": 299, "column": 6 }, "end": { "line": 301, "column": null } },
			"23": { "start": { "line": 300, "column": 1 }, "end": { "line": 300, "column": null } },
			"24": { "start": { "line": 308, "column": 1 }, "end": { "line": 314, "column": null } },
			"25": { "start": { "line": 308, "column": 14 }, "end": { "line": 308, "column": 31 } },
			"26": { "start": { "line": 309, "column": 18 }, "end": { "line": 309, "column": null } },
			"27": { "start": { "line": 311, "column": 2 }, "end": { "line": 313, "column": null } },
			"28": { "start": { "line": 312, "column": 3 }, "end": { "line": 312, "column": null } },
			"29": { "start": { "line": 316, "column": 1 }, "end": { "line": 316, "column": null } },
			"30": { "start": { "line": 328, "column": 25 }, "end": { "line": 328, "column": null } },
			"31": { "start": { "line": 329, "column": 19 }, "end": { "line": 329, "column": null } },
			"32": { "start": { "line": 330, "column": 33 }, "end": { "line": 330, "column": null } },
			"33": { "start": { "line": 332, "column": 2 }, "end": { "line": 332, "column": null } },
			"34": { "start": { "line": 334, "column": 1 }, "end": { "line": 336, "column": null } },
			"35": { "start": { "line": 335, "column": 2 }, "end": { "line": 335, "column": null } },
			"36": { "start": { "line": 338, "column": 1 }, "end": { "line": 344, "column": null } },
			"37": { "start": { "line": 338, "column": 14 }, "end": { "line": 338, "column": 41 } },
			"38": { "start": { "line": 339, "column": 18 }, "end": { "line": 339, "column": null } },
			"39": { "start": { "line": 341, "column": 2 }, "end": { "line": 343, "column": null } },
			"40": { "start": { "line": 342, "column": 3 }, "end": { "line": 342, "column": null } },
			"41": { "start": { "line": 346, "column": 1 }, "end": { "line": 346, "column": null } },
			"42": { "start": { "line": 353, "column": 32 }, "end": { "line": 360, "column": null } },
			"43": { "start": { "line": 368, "column": 35 }, "end": { "line": 373, "column": null } }
		},
		"fnMap": {
			"0": {
				"name": "isIdleAsk",
				"decl": { "start": { "line": 60, "column": 16 }, "end": { "line": 60, "column": 26 } },
				"loc": { "start": { "line": 60, "column": 57 }, "end": { "line": 62, "column": null } },
				"line": 60
			},
			"1": {
				"name": "isResumableAsk",
				"decl": { "start": { "line": 74, "column": 16 }, "end": { "line": 74, "column": 31 } },
				"loc": { "start": { "line": 74, "column": 67 }, "end": { "line": 76, "column": null } },
				"line": 74
			},
			"2": {
				"name": "isInteractiveAsk",
				"decl": { "start": { "line": 88, "column": 16 }, "end": { "line": 88, "column": 33 } },
				"loc": { "start": { "line": 88, "column": 71 }, "end": { "line": 90, "column": null } },
				"line": 88
			},
			"3": {
				"name": "isNonBlockingAsk",
				"decl": { "start": { "line": 103, "column": 16 }, "end": { "line": 103, "column": 33 } },
				"loc": { "start": { "line": 103, "column": 71 }, "end": { "line": 105, "column": null } },
				"line": 103
			},
			"4": {
				"name": "(anonymous_4)",
				"decl": { "start": { "line": 284, "column": 6 }, "end": { "line": 284, "column": 30 } },
				"loc": { "start": { "line": 284, "column": 77 }, "end": { "line": 286, "column": null } },
				"line": 284
			},
			"5": {
				"name": "(anonymous_5)",
				"decl": { "start": { "line": 288, "column": 6 }, "end": { "line": 288, "column": 31 } },
				"loc": { "start": { "line": 288, "column": 66 }, "end": { "line": 290, "column": null } },
				"line": 288
			},
			"6": {
				"name": "(anonymous_6)",
				"decl": { "start": { "line": 292, "column": 6 }, "end": { "line": 292, "column": 29 } },
				"loc": { "start": { "line": 292, "column": 64 }, "end": { "line": 297, "column": null } },
				"line": 292
			},
			"7": {
				"name": "(anonymous_7)",
				"decl": { "start": { "line": 299, "column": 6 }, "end": { "line": 299, "column": 29 } },
				"loc": { "start": { "line": 299, "column": 64 }, "end": { "line": 301, "column": null } },
				"line": 299
			},
			"8": {
				"name": "findLastIndexBefore",
				"decl": { "start": { "line": 303, "column": 9 }, "end": { "line": 303, "column": null } },
				"loc": { "start": { "line": 307, "column": 10 }, "end": { "line": 317, "column": null } },
				"line": 307
			},
			"9": {
				"name": "getCompletionCheckpoint",
				"decl": { "start": { "line": 327, "column": 16 }, "end": { "line": 327, "column": 40 } },
				"loc": { "start": { "line": 327, "column": 100 }, "end": { "line": 347, "column": null } },
				"line": 327
			}
		},
		"branchMap": {
			"0": {
				"loc": { "start": { "line": 285, "column": 8 }, "end": { "line": 285, "column": null } },
				"type": "binary-expr",
				"locations": [
					{ "start": { "line": 285, "column": 8 }, "end": { "line": 285, "column": 36 } },
					{ "start": { "line": 285, "column": 36 }, "end": { "line": 285, "column": 62 } },
					{ "start": { "line": 285, "column": 62 }, "end": { "line": 285, "column": null } }
				],
				"line": 285
			},
			"1": {
				"loc": { "start": { "line": 289, "column": 8 }, "end": { "line": 289, "column": null } },
				"type": "binary-expr",
				"locations": [
					{ "start": { "line": 289, "column": 8 }, "end": { "line": 289, "column": 34 } },
					{ "start": { "line": 289, "column": 34 }, "end": { "line": 289, "column": null } }
				],
				"line": 289
			},
			"2": {
				"loc": { "start": { "line": 294, "column": 3 }, "end": { "line": 295, "column": null } },
				"type": "binary-expr",
				"locations": [
					{ "start": { "line": 294, "column": 3 }, "end": { "line": 294, "column": 29 } },
					{ "start": { "line": 294, "column": 29 }, "end": { "line": 294, "column": null } },
					{ "start": { "line": 295, "column": 3 }, "end": { "line": 295, "column": 29 } },
					{ "start": { "line": 295, "column": 29 }, "end": { "line": 295, "column": null } }
				],
				"line": 294
			},
			"3": {
				"loc": { "start": { "line": 300, "column": 8 }, "end": { "line": 300, "column": null } },
				"type": "binary-expr",
				"locations": [
					{ "start": { "line": 300, "column": 8 }, "end": { "line": 300, "column": 34 } },
					{ "start": { "line": 300, "column": 34 }, "end": { "line": 300, "column": 72 } },
					{ "start": { "line": 300, "column": 72 }, "end": { "line": 300, "column": null } }
				],
				"line": 300
			},
			"4": {
				"loc": { "start": { "line": 311, "column": 2 }, "end": { "line": 313, "column": null } },
				"type": "if",
				"locations": [
					{ "start": { "line": 311, "column": 2 }, "end": { "line": 313, "column": null } },
					{ "start": {}, "end": {} }
				],
				"line": 311
			},
			"5": {
				"loc": { "start": { "line": 311, "column": 6 }, "end": { "line": 311, "column": 37 } },
				"type": "binary-expr",
				"locations": [
					{ "start": { "line": 311, "column": 6 }, "end": { "line": 311, "column": 17 } },
					{ "start": { "line": 311, "column": 17 }, "end": { "line": 311, "column": 37 } }
				],
				"line": 311
			},
			"6": {
				"loc": { "start": { "line": 329, "column": 19 }, "end": { "line": 329, "column": null } },
				"type": "cond-expr",
				"locations": [
					{ "start": { "line": 329, "column": 44 }, "end": { "line": 329, "column": 62 } },
					{ "start": { "line": 329, "column": 62 }, "end": { "line": 329, "column": null } }
				],
				"line": 329
			},
			"7": {
				"loc": { "start": { "line": 332, "column": 2 }, "end": { "line": 332, "column": null } },
				"type": "cond-expr",
				"locations": [
					{ "start": { "line": 332, "column": 35 }, "end": { "line": 332, "column": 61 } },
					{ "start": { "line": 332, "column": 61 }, "end": { "line": 332, "column": null } }
				],
				"line": 332
			},
			"8": {
				"loc": { "start": { "line": 332, "column": 61 }, "end": { "line": 332, "column": null } },
				"type": "cond-expr",
				"locations": [
					{ "start": { "line": 332, "column": 97 }, "end": { "line": 332, "column": 101 } },
					{ "start": { "line": 332, "column": 101 }, "end": { "line": 332, "column": null } }
				],
				"line": 332
			},
			"9": {
				"loc": { "start": { "line": 334, "column": 1 }, "end": { "line": 336, "column": null } },
				"type": "if",
				"locations": [
					{ "start": { "line": 334, "column": 1 }, "end": { "line": 336, "column": null } },
					{ "start": {}, "end": {} }
				],
				"line": 334
			},
			"10": {
				"loc": { "start": { "line": 341, "column": 2 }, "end": { "line": 343, "column": null } },
				"type": "if",
				"locations": [
					{ "start": { "line": 341, "column": 2 }, "end": { "line": 343, "column": null } },
					{ "start": {}, "end": {} }
				],
				"line": 341
			},
			"11": {
				"loc": { "start": { "line": 341, "column": 6 }, "end": { "line": 341, "column": 47 } },
				"type": "binary-expr",
				"locations": [
					{ "start": { "line": 341, "column": 6 }, "end": { "line": 341, "column": 17 } },
					{ "start": { "line": 341, "column": 17 }, "end": { "line": 341, "column": 47 } }
				],
				"line": 341
			}
		},
		"s": {
			"0": 9,
			"1": 9,
			"2": 9,
			"3": 11,
			"4": 9,
			"5": 2,
			"6": 9,
			"7": 6,
			"8": 9,
			"9": 1,
			"10": 9,
			"11": 9,
			"12": 9,
			"13": 9,
			"14": 9,
			"15": 9,
			"16": 9,
			"17": 1,
			"18": 9,
			"19": 6,
			"20": 9,
			"21": 3,
			"22": 9,
			"23": 2,
			"24": 6,
			"25": 6,
			"26": 9,
			"27": 9,
			"28": 5,
			"29": 1,
			"30": 3,
			"31": 3,
			"32": 3,
			"33": 3,
			"34": 3,
			"35": 0,
			"36": 3,
			"37": 3,
			"38": 2,
			"39": 2,
			"40": 2,
			"41": 1,
			"42": 9,
			"43": 9
		},
		"f": { "0": 11, "1": 2, "2": 6, "3": 1, "4": 1, "5": 6, "6": 3, "7": 2, "8": 6, "9": 3 },
		"b": {
			"0": [1, 1, 1],
			"1": [6, 6],
			"2": [3, 3, 0, 0],
			"3": [2, 2, 2],
			"4": [5, 4],
			"5": [9, 9],
			"6": [0, 3],
			"7": [2, 1],
			"8": [1, 0],
			"9": [0, 3],
			"10": [2, 0],
			"11": [2, 2]
		},
		"meta": {
			"lastBranch": 12,
			"lastFunction": 10,
			"lastStatement": 44,
			"seen": {
				"s:27:25:39:Infinity": 0,
				"s:41:30:41:Infinity": 1,
				"s:50:24:56:Infinity": 2,
				"f:60:16:60:26": 0,
				"s:61:1:61:Infinity": 3,
				"s:70:29:70:Infinity": 4,
				"f:74:16:74:31": 1,
				"s:75:1:75:Infinity": 5,
				"s:84:31:84:Infinity": 6,
				"f:88:16:88:33": 2,
				"s:89:1:89:Infinity": 7,
				"s:99:31:99:Infinity": 8,
				"f:103:16:103:33": 3,
				"s:104:1:104:Infinity": 9,
				"s:144:25:174:Infinity": 10,
				"s:176:30:176:Infinity": 11,
				"s:184:40:187:Infinity": 12,
				"s:204:37:210:Infinity": 13,
				"s:229:39:234:Infinity": 14,
				"s:250:34:275:Infinity": 15,
				"s:284:6:286:Infinity": 16,
				"f:284:6:284:30": 4,
				"s:285:1:285:Infinity": 17,
				"b:285:8:285:36:285:36:285:62:285:62:285:Infinity": 0,
				"s:288:6:290:Infinity": 18,
				"f:288:6:288:31": 5,
				"s:289:1:289:Infinity": 19,
				"b:289:8:289:34:289:34:289:Infinity": 1,
				"s:292:6:297:Infinity": 20,
				"f:292:6:292:29": 6,
				"s:293:1:295:Infinity": 21,
				"b:294:3:294:29:294:29:294:Infinity:295:3:295:29:295:29:295:Infinity": 2,
				"s:299:6:301:Infinity": 22,
				"f:299:6:299:29": 7,
				"s:300:1:300:Infinity": 23,
				"b:300:8:300:34:300:34:300:72:300:72:300:Infinity": 3,
				"f:303:9:303:Infinity": 8,
				"s:308:1:314:Infinity": 24,
				"s:308:14:308:31": 25,
				"s:309:18:309:Infinity": 26,
				"b:311:2:313:Infinity:undefined:undefined:undefined:undefined": 4,
				"s:311:2:313:Infinity": 27,
				"b:311:6:311:17:311:17:311:37": 5,
				"s:312:3:312:Infinity": 28,
				"s:316:1:316:Infinity": 29,
				"f:327:16:327:40": 9,
				"s:328:25:328:Infinity": 30,
				"s:329:19:329:Infinity": 31,
				"b:329:44:329:62:329:62:329:Infinity": 6,
				"s:330:33:330:Infinity": 32,
				"s:332:2:332:Infinity": 33,
				"b:332:35:332:61:332:61:332:Infinity": 7,
				"b:332:97:332:101:332:101:332:Infinity": 8,
				"b:334:1:336:Infinity:undefined:undefined:undefined:undefined": 9,
				"s:334:1:336:Infinity": 34,
				"s:335:2:335:Infinity": 35,
				"s:338:1:344:Infinity": 36,
				"s:338:14:338:41": 37,
				"s:339:18:339:Infinity": 38,
				"b:341:2:343:Infinity:undefined:undefined:undefined:undefined": 10,
				"s:341:2:343:Infinity": 39,
				"b:341:6:341:17:341:17:341:47": 11,
				"s:342:3:342:Infinity": 40,
				"s:346:1:346:Infinity": 41,
				"s:353:32:360:Infinity": 42,
				"s:368:35:373:Infinity": 43
			},
			"fnNames": {}
		}
	},
	"C:\\Users\\k1yt\\OneDrive\\Projects\\ZooCode\\packages\\types\\src\\mode.ts": {
		"path": "C:\\Users\\k1yt\\OneDrive\\Projects\\ZooCode\\packages\\types\\src\\mode.ts",
		"statementMap": {
			"0": { "start": { "line": 9, "column": 34 }, "end": { "line": 29, "column": null } },
			"1": { "start": { "line": 15, "column": 4 }, "end": { "line": 17, "column": null } },
			"2": { "start": { "line": 16, "column": 5 }, "end": { "line": 16, "column": null } },
			"3": { "start": { "line": 19, "column": 4 }, "end": { "line": 24, "column": null } },
			"4": { "start": { "line": 20, "column": 5 }, "end": { "line": 20, "column": null } },
			"5": { "start": { "line": 21, "column": 5 }, "end": { "line": 21, "column": null } },
			"6": { "start": { "line": 23, "column": 5 }, "end": { "line": 23, "column": null } },
			"7": { "start": { "line": 37, "column": 32 }, "end": { "line": 37, "column": null } },
			"8": { "start": { "line": 50, "column": 1 }, "end": { "line": 52, "column": null } },
			"9": { "start": { "line": 51, "column": 2 }, "end": { "line": 51, "column": null } },
			"10": { "start": { "line": 53, "column": 1 }, "end": { "line": 55, "column": null } },
			"11": { "start": { "line": 54, "column": 2 }, "end": { "line": 54, "column": null } },
			"12": { "start": { "line": 56, "column": 1 }, "end": { "line": 56, "column": null } },
			"13": { "start": { "line": 62, "column": 33 }, "end": { "line": 79, "column": null } },
			"14": { "start": { "line": 64, "column": 15 }, "end": { "line": 64, "column": null } },
			"15": { "start": { "line": 66, "column": 2 }, "end": { "line": 76, "column": null } },
			"16": { "start": { "line": 68, "column": 21 }, "end": { "line": 68, "column": null } },
			"17": { "start": { "line": 70, "column": 3 }, "end": { "line": 72, "column": null } },
			"18": { "start": { "line": 71, "column": 4 }, "end": { "line": 71, "column": null } },
			"19": { "start": { "line": 74, "column": 3 }, "end": { "line": 74, "column": null } },
			"20": { "start": { "line": 75, "column": 3 }, "end": { "line": 75, "column": null } },
			"21": { "start": { "line": 91, "column": 37 }, "end": { "line": 94, "column": null } },
			"22": { "start": { "line": 92, "column": 1 }, "end": { "line": 92, "column": null } },
			"23": { "start": { "line": 92, "column": 26 }, "end": { "line": 92, "column": null } },
			"24": { "start": { "line": 93, "column": 1 }, "end": { "line": 93, "column": null } },
			"25": { "start": { "line": 93, "column": 30 }, "end": { "line": 93, "column": 60 } },
			"26": { "start": { "line": 96, "column": 32 }, "end": { "line": 111, "column": null } },
			"27": { "start": { "line": 119, "column": 41 }, "end": { "line": 137, "column": null } },
			"28": { "start": { "line": 122, "column": 17 }, "end": { "line": 122, "column": null } },
			"29": { "start": { "line": 124, "column": 3 }, "end": { "line": 131, "column": null } },
			"30": { "start": { "line": 125, "column": 4 }, "end": { "line": 127, "column": null } },
			"31": { "start": { "line": 126, "column": 5 }, "end": { "line": 126, "column": null } },
			"32": { "start": { "line": 129, "column": 4 }, "end": { "line": 129, "column": null } },
			"33": { "start": { "line": 130, "column": 4 }, "end": { "line": 130, "column": null } },
			"34": { "start": { "line": 145, "column": 37 }, "end": { "line": 150, "column": null } },
			"35": { "start": { "line": 158, "column": 39 }, "end": { "line": 158, "column": null } },
			"36": { "start": { "line": 166, "column": 42 }, "end": { "line": 166, "column": null } },
			"37": { "start": { "line": 174, "column": 52 }, "end": { "line": 233, "column": null } }
		},
		"fnMap": {
			"0": {
				"name": "(anonymous_0)",
				"decl": { "start": { "line": 13, "column": 3 }, "end": { "line": 13, "column": null } },
				"loc": { "start": { "line": 14, "column": 16 }, "end": { "line": 25, "column": null } },
				"line": 14
			},
			"1": {
				"name": "isDeprecatedGroupEntry",
				"decl": { "start": { "line": 49, "column": 9 }, "end": { "line": 49, "column": 32 } },
				"loc": { "start": { "line": 49, "column": 57 }, "end": { "line": 57, "column": null } },
				"line": 49
			},
			"2": {
				"name": "(anonymous_2)",
				"decl": { "start": { "line": 62, "column": 59 }, "end": { "line": 62, "column": null } },
				"loc": { "start": { "line": 63, "column": 13 }, "end": { "line": 77, "column": null } },
				"line": 63
			},
			"3": {
				"name": "(anonymous_3)",
				"decl": { "start": { "line": 66, "column": 16 }, "end": { "line": 66, "column": 23 } },
				"loc": { "start": { "line": 66, "column": 33 }, "end": { "line": 76, "column": 3 } },
				"line": 66
			},
			"4": {
				"name": "(anonymous_4)",
				"decl": { "start": { "line": 91, "column": 39 }, "end": { "line": 91, "column": 51 } },
				"loc": { "start": { "line": 91, "column": 59 }, "end": { "line": 94, "column": 3 } },
				"line": 91
			},
			"5": {
				"name": "(anonymous_5)",
				"decl": { "start": { "line": 93, "column": 12 }, "end": { "line": 93, "column": 20 } },
				"loc": { "start": { "line": 93, "column": 30 }, "end": { "line": 93, "column": 60 } },
				"line": 93
			},
			"6": {
				"name": "(anonymous_6)",
				"decl": { "start": { "line": 120, "column": 40 }, "end": { "line": 120, "column": null } },
				"loc": { "start": { "line": 121, "column": 13 }, "end": { "line": 132, "column": null } },
				"line": 121
			},
			"7": {
				"name": "(anonymous_7)",
				"decl": { "start": { "line": 124, "column": 16 }, "end": { "line": 124, "column": 23 } },
				"loc": { "start": { "line": 124, "column": 32 }, "end": { "line": 131, "column": 4 } },
				"line": 124
			}
		},
		"branchMap": {
			"0": {
				"loc": { "start": { "line": 15, "column": 4 }, "end": { "line": 17, "column": null } },
				"type": "if",
				"locations": [
					{ "start": { "line": 15, "column": 4 }, "end": { "line": 17, "column": null } },
					{ "start": {}, "end": {} }
				],
				"line": 15
			},
			"1": {
				"loc": { "start": { "line": 50, "column": 1 }, "end": { "line": 52, "column": null } },
				"type": "if",
				"locations": [
					{ "start": { "line": 50, "column": 1 }, "end": { "line": 52, "column": null } },
					{ "start": {}, "end": {} }
				],
				"line": 50
			},
			"2": {
				"loc": { "start": { "line": 53, "column": 1 }, "end": { "line": 55, "column": null } },
				"type": "if",
				"locations": [
					{ "start": { "line": 53, "column": 1 }, "end": { "line": 55, "column": null } },
					{ "start": {}, "end": {} }
				],
				"line": 53
			},
			"3": {
				"loc": { "start": { "line": 53, "column": 5 }, "end": { "line": 53, "column": 80 } },
				"type": "binary-expr",
				"locations": [
					{ "start": { "line": 53, "column": 5 }, "end": { "line": 53, "column": 29 } },
					{ "start": { "line": 53, "column": 29 }, "end": { "line": 53, "column": 50 } },
					{ "start": { "line": 53, "column": 50 }, "end": { "line": 53, "column": 80 } }
				],
				"line": 53
			},
			"4": {
				"loc": { "start": { "line": 68, "column": 21 }, "end": { "line": 68, "column": null } },
				"type": "cond-expr",
				"locations": [
					{ "start": { "line": 68, "column": 44 }, "end": { "line": 68, "column": 55 } },
					{ "start": { "line": 68, "column": 55 }, "end": { "line": 68, "column": null } }
				],
				"line": 68
			},
			"5": {
				"loc": { "start": { "line": 70, "column": 3 }, "end": { "line": 72, "column": null } },
				"type": "if",
				"locations": [
					{ "start": { "line": 70, "column": 3 }, "end": { "line": 72, "column": null } },
					{ "start": {}, "end": {} }
				],
				"line": 70
			},
			"6": {
				"loc": { "start": { "line": 92, "column": 1 }, "end": { "line": 92, "column": null } },
				"type": "if",
				"locations": [
					{ "start": { "line": 92, "column": 1 }, "end": { "line": 92, "column": null } },
					{ "start": {}, "end": {} }
				],
				"line": 92
			},
			"7": {
				"loc": { "start": { "line": 125, "column": 4 }, "end": { "line": 127, "column": null } },
				"type": "if",
				"locations": [
					{ "start": { "line": 125, "column": 4 }, "end": { "line": 127, "column": null } },
					{ "start": {}, "end": {} }
				],
				"line": 125
			}
		},
		"s": {
			"0": 9,
			"1": 1,
			"2": 1,
			"3": 0,
			"4": 0,
			"5": 0,
			"6": 0,
			"7": 9,
			"8": 5,
			"9": 5,
			"10": 0,
			"11": 0,
			"12": 0,
			"13": 9,
			"14": 5,
			"15": 5,
			"16": 5,
			"17": 5,
			"18": 0,
			"19": 5,
			"20": 5,
			"21": 9,
			"22": 5,
			"23": 0,
			"24": 5,
			"25": 5,
			"26": 9,
			"27": 9,
			"28": 0,
			"29": 0,
			"30": 0,
			"31": 0,
			"32": 0,
			"33": 0,
			"34": 9,
			"35": 9,
			"36": 9,
			"37": 9
		},
		"f": { "0": 1, "1": 5, "2": 5, "3": 5, "4": 5, "5": 5, "6": 0, "7": 0 },
		"b": {
			"0": [1, 0],
			"1": [5, 0],
			"2": [0, 0],
			"3": [0, 0, 0],
			"4": [0, 5],
			"5": [0, 5],
			"6": [0, 5],
			"7": [0, 0]
		},
		"meta": {
			"lastBranch": 8,
			"lastFunction": 8,
			"lastStatement": 38,
			"seen": {
				"s:9:34:29:Infinity": 0,
				"f:13:3:13:Infinity": 0,
				"b:15:4:17:Infinity:undefined:undefined:undefined:undefined": 0,
				"s:15:4:17:Infinity": 1,
				"s:16:5:16:Infinity": 2,
				"s:19:4:24:Infinity": 3,
				"s:20:5:20:Infinity": 4,
				"s:21:5:21:Infinity": 5,
				"s:23:5:23:Infinity": 6,
				"s:37:32:37:Infinity": 7,
				"f:49:9:49:32": 1,
				"b:50:1:52:Infinity:undefined:undefined:undefined:undefined": 1,
				"s:50:1:52:Infinity": 8,
				"s:51:2:51:Infinity": 9,
				"b:53:1:55:Infinity:undefined:undefined:undefined:undefined": 2,
				"s:53:1:55:Infinity": 10,
				"b:53:5:53:29:53:29:53:50:53:50:53:80": 3,
				"s:54:2:54:Infinity": 11,
				"s:56:1:56:Infinity": 12,
				"s:62:33:79:Infinity": 13,
				"f:62:59:62:Infinity": 2,
				"s:64:15:64:Infinity": 14,
				"s:66:2:76:Infinity": 15,
				"f:66:16:66:23": 3,
				"s:68:21:68:Infinity": 16,
				"b:68:44:68:55:68:55:68:Infinity": 4,
				"b:70:3:72:Infinity:undefined:undefined:undefined:undefined": 5,
				"s:70:3:72:Infinity": 17,
				"s:71:4:71:Infinity": 18,
				"s:74:3:74:Infinity": 19,
				"s:75:3:75:Infinity": 20,
				"s:91:37:94:Infinity": 21,
				"f:91:39:91:51": 4,
				"b:92:1:92:Infinity:undefined:undefined:undefined:undefined": 6,
				"s:92:1:92:Infinity": 22,
				"s:92:26:92:Infinity": 23,
				"s:93:1:93:Infinity": 24,
				"f:93:12:93:20": 5,
				"s:93:30:93:60": 25,
				"s:96:32:111:Infinity": 26,
				"s:119:41:137:Infinity": 27,
				"f:120:40:120:Infinity": 6,
				"s:122:17:122:Infinity": 28,
				"s:124:3:131:Infinity": 29,
				"f:124:16:124:23": 7,
				"b:125:4:127:Infinity:undefined:undefined:undefined:undefined": 7,
				"s:125:4:127:Infinity": 30,
				"s:126:5:126:Infinity": 31,
				"s:129:4:129:Infinity": 32,
				"s:130:4:130:Infinity": 33,
				"s:145:37:150:Infinity": 34,
				"s:158:39:158:Infinity": 35,
				"s:166:42:166:Infinity": 36,
				"s:174:52:233:Infinity": 37
			},
			"fnNames": {}
		}
	},
	"C:\\Users\\k1yt\\OneDrive\\Projects\\ZooCode\\packages\\types\\src\\model.ts": {
		"path": "C:\\Users\\k1yt\\OneDrive\\Projects\\ZooCode\\packages\\types\\src\\model.ts",
		"statementMap": {
			"0": { "start": { "line": 8, "column": 32 }, "end": { "line": 8, "column": null } },
			"1": { "start": { "line": 10, "column": 38 }, "end": { "line": 10, "column": null } },
			"2": { "start": { "line": 18, "column": 48 }, "end": { "line": 18, "column": null } },
			"3": { "start": { "line": 26, "column": 40 }, "end": { "line": 26, "column": null } },
			"4": { "start": { "line": 28, "column": 45 }, "end": { "line": 28, "column": null } },
			"5": { "start": { "line": 35, "column": 44 }, "end": { "line": 44, "column": null } },
			"6": { "start": { "line": 45, "column": 44 }, "end": { "line": 45, "column": null } },
			"7": { "start": { "line": 51, "column": 31 }, "end": { "line": 51, "column": null } },
			"8": { "start": { "line": 53, "column": 37 }, "end": { "line": 53, "column": null } },
			"9": { "start": { "line": 58, "column": 32 }, "end": { "line": 58, "column": null } },
			"10": { "start": { "line": 63, "column": 33 }, "end": { "line": 67, "column": null } },
			"11": { "start": { "line": 69, "column": 28 }, "end": { "line": 69, "column": null } },
			"12": { "start": { "line": 70, "column": 33 }, "end": { "line": 70, "column": null } },
			"13": { "start": { "line": 76, "column": 38 }, "end": { "line": 79, "column": null } },
			"14": { "start": { "line": 81, "column": 39 }, "end": { "line": 81, "column": null } },
			"15": { "start": { "line": 82, "column": 44 }, "end": { "line": 82, "column": null } },
			"16": { "start": { "line": 89, "column": 31 }, "end": { "line": 89, "column": null } },
			"17": { "start": { "line": 91, "column": 37 }, "end": { "line": 91, "column": null } },
			"18": { "start": { "line": 95, "column": 13 }, "end": { "line": 96, "column": null } },
			"19": { "start": { "line": 96, "column": 1 }, "end": { "line": 96, "column": null } },
			"20": { "start": { "line": 102, "column": 31 }, "end": { "line": 182, "column": null } }
		},
		"fnMap": {
			"0": {
				"name": "(anonymous_0)",
				"decl": { "start": { "line": 95, "column": 13 }, "end": { "line": 95, "column": 33 } },
				"loc": { "start": { "line": 96, "column": 1 }, "end": { "line": 96, "column": null } },
				"line": 96
			}
		},
		"branchMap": {},
		"s": {
			"0": 8,
			"1": 8,
			"2": 8,
			"3": 8,
			"4": 8,
			"5": 8,
			"6": 8,
			"7": 8,
			"8": 8,
			"9": 8,
			"10": 8,
			"11": 8,
			"12": 8,
			"13": 8,
			"14": 8,
			"15": 8,
			"16": 8,
			"17": 8,
			"18": 8,
			"19": 0,
			"20": 8
		},
		"f": { "0": 0 },
		"b": {},
		"meta": {
			"lastBranch": 0,
			"lastFunction": 1,
			"lastStatement": 21,
			"seen": {
				"s:8:32:8:Infinity": 0,
				"s:10:38:10:Infinity": 1,
				"s:18:48:18:Infinity": 2,
				"s:26:40:26:Infinity": 3,
				"s:28:45:28:Infinity": 4,
				"s:35:44:44:Infinity": 5,
				"s:45:44:45:Infinity": 6,
				"s:51:31:51:Infinity": 7,
				"s:53:37:53:Infinity": 8,
				"s:58:32:58:Infinity": 9,
				"s:63:33:67:Infinity": 10,
				"s:69:28:69:Infinity": 11,
				"s:70:33:70:Infinity": 12,
				"s:76:38:79:Infinity": 13,
				"s:81:39:81:Infinity": 14,
				"s:82:44:82:Infinity": 15,
				"s:89:31:89:Infinity": 16,
				"s:91:37:91:Infinity": 17,
				"s:95:13:96:Infinity": 18,
				"f:95:13:95:33": 0,
				"s:96:1:96:Infinity": 19,
				"s:102:31:182:Infinity": 20
			},
			"fnNames": {}
		}
	},
	"C:\\Users\\k1yt\\OneDrive\\Projects\\ZooCode\\packages\\types\\src\\provider-identifiers.ts": {
		"path": "C:\\Users\\k1yt\\OneDrive\\Projects\\ZooCode\\packages\\types\\src\\provider-identifiers.ts",
		"statementMap": {
			"0": { "start": { "line": 6, "column": 35 }, "end": { "line": 41, "column": null } },
			"1": { "start": { "line": 46, "column": 42 }, "end": { "line": 56, "column": null } }
		},
		"fnMap": {},
		"branchMap": {},
		"s": { "0": 9, "1": 9 },
		"f": {},
		"b": {},
		"meta": {
			"lastBranch": 0,
			"lastFunction": 0,
			"lastStatement": 2,
			"seen": { "s:6:35:41:Infinity": 0, "s:46:42:56:Infinity": 1 },
			"fnNames": {}
		}
	},
	"C:\\Users\\k1yt\\OneDrive\\Projects\\ZooCode\\packages\\types\\src\\provider-settings.ts": {
		"path": "C:\\Users\\k1yt\\OneDrive\\Projects\\ZooCode\\packages\\types\\src\\provider-settings.ts",
		"statementMap": {
			"0": { "start": { "line": 46, "column": 49 }, "end": { "line": 46, "column": null } },
			"1": { "start": { "line": 47, "column": 46 }, "end": { "line": 47, "column": null } },
			"2": { "start": { "line": 55, "column": 32 }, "end": { "line": 68, "column": null } },
			"3": { "start": { "line": 72, "column": 13 }, "end": { "line": 73, "column": null } },
			"4": { "start": { "line": 73, "column": 1 }, "end": { "line": 73, "column": null } },
			"5": { "start": { "line": 81, "column": 30 }, "end": { "line": 81, "column": null } },
			"6": { "start": { "line": 85, "column": 13 }, "end": { "line": 85, "column": null } },
			"7": { "start": { "line": 85, "column": 70 }, "end": { "line": 85, "column": null } },
			"8": { "start": { "line": 94, "column": 33 }, "end": { "line": 94, "column": null } },
			"9": { "start": { "line": 98, "column": 13 }, "end": { "line": 99, "column": null } },
			"10": { "start": { "line": 99, "column": 1 }, "end": { "line": 99, "column": null } },
			"11": { "start": { "line": 107, "column": 31 }, "end": { "line": 107, "column": null } },
			"12": { "start": { "line": 111, "column": 13 }, "end": { "line": 111, "column": null } },
			"13": { "start": { "line": 111, "column": 72 }, "end": { "line": 111, "column": null } },
			"14": { "start": { "line": 120, "column": 29 }, "end": { "line": 120, "column": null } },
			"15": { "start": { "line": 124, "column": 13 }, "end": { "line": 124, "column": null } },
			"16": { "start": { "line": 124, "column": 68 }, "end": { "line": 124, "column": null } },
			"17": { "start": { "line": 130, "column": 29 }, "end": { "line": 130, "column": null } },
			"18": { "start": { "line": 132, "column": 35 }, "end": { "line": 132, "column": null } },
			"19": { "start": { "line": 136, "column": 13 }, "end": { "line": 137, "column": null } },
			"20": { "start": { "line": 137, "column": 1 }, "end": { "line": 137, "column": null } },
			"21": { "start": { "line": 143, "column": 36 }, "end": { "line": 143, "column": null } },
			"22": { "start": { "line": 148, "column": 42 }, "end": { "line": 148, "column": null } },
			"23": { "start": { "line": 152, "column": 13 }, "end": { "line": 153, "column": null } },
			"24": { "start": { "line": 153, "column": 1 }, "end": { "line": 153, "column": null } },
			"25": { "start": { "line": 155, "column": 46 }, "end": { "line": 155, "column": null } },
			"26": { "start": { "line": 163, "column": 43 }, "end": { "line": 168, "column": null } },
			"27": { "start": { "line": 176, "column": 35 }, "end": { "line": 191, "column": null } },
			"28": { "start": { "line": 194, "column": 38 }, "end": { "line": 196, "column": null } },
			"29": { "start": { "line": 198, "column": 24 }, "end": { "line": 203, "column": null } },
			"30": { "start": { "line": 205, "column": 25 }, "end": { "line": 210, "column": null } },
			"31": { "start": { "line": 212, "column": 22 }, "end": { "line": 230, "column": null } },
			"32": { "start": { "line": 232, "column": 21 }, "end": { "line": 238, "column": null } },
			"33": { "start": { "line": 240, "column": 21 }, "end": { "line": 251, "column": null } },
			"34": { "start": { "line": 253, "column": 21 }, "end": { "line": 258, "column": null } },
			"35": { "start": { "line": 260, "column": 23 }, "end": { "line": 269, "column": null } },
			"36": { "start": { "line": 271, "column": 23 }, "end": { "line": 276, "column": null } },
			"37": { "start": { "line": 278, "column": 21 }, "end": { "line": 281, "column": null } },
			"38": { "start": { "line": 283, "column": 24 }, "end": { "line": 286, "column": null } },
			"39": { "start": { "line": 288, "column": 26 }, "end": { "line": 291, "column": null } },
			"40": { "start": { "line": 293, "column": 27 }, "end": { "line": 299, "column": null } },
			"41": { "start": { "line": 301, "column": 22 }, "end": { "line": 304, "column": null } },
			"42": { "start": { "line": 306, "column": 23 }, "end": { "line": 309, "column": null } },
			"43": { "start": { "line": 311, "column": 18 }, "end": { "line": 314, "column": null } },
			"44": { "start": { "line": 316, "column": 23 }, "end": { "line": 321, "column": null } },
			"45": { "start": { "line": 323, "column": 40 }, "end": { "line": 323, "column": null } },
			"46": { "start": { "line": 326, "column": 23 }, "end": { "line": 329, "column": null } },
			"47": { "start": { "line": 331, "column": 22 }, "end": { "line": 336, "column": null } },
			"48": { "start": { "line": 338, "column": 19 }, "end": { "line": 348, "column": null } },
			"49": { "start": { "line": 350, "column": 23 }, "end": { "line": 354, "column": null } },
			"50": { "start": { "line": 356, "column": 22 }, "end": { "line": 359, "column": null } },
			"51": { "start": { "line": 361, "column": 21 }, "end": { "line": 363, "column": null } },
			"52": { "start": { "line": 365, "column": 18 }, "end": { "line": 367, "column": null } },
			"53": { "start": { "line": 369, "column": 22 }, "end": { "line": 374, "column": null } },
			"54": { "start": { "line": 376, "column": 24 }, "end": { "line": 378, "column": null } },
			"55": { "start": { "line": 380, "column": 32 }, "end": { "line": 380, "column": null } },
			"56": { "start": { "line": 384, "column": 18 }, "end": { "line": 387, "column": null } },
			"57": { "start": { "line": 389, "column": 24 }, "end": { "line": 391, "column": null } },
			"58": { "start": { "line": 393, "column": 23 }, "end": { "line": 395, "column": null } },
			"59": { "start": { "line": 397, "column": 23 }, "end": { "line": 399, "column": null } },
			"60": { "start": { "line": 401, "column": 30 }, "end": { "line": 404, "column": null } },
			"61": { "start": { "line": 406, "column": 25 }, "end": { "line": 409, "column": null } },
			"62": { "start": { "line": 411, "column": 21 }, "end": { "line": 414, "column": null } },
			"63": { "start": { "line": 416, "column": 25 }, "end": { "line": 420, "column": null } },
			"64": { "start": { "line": 422, "column": 22 }, "end": { "line": 424, "column": null } },
			"65": { "start": { "line": 426, "column": 22 }, "end": { "line": 428, "column": null } },
			"66": { "start": { "line": 430, "column": 51 }, "end": { "line": 466, "column": null } },
			"67": { "start": { "line": 468, "column": 38 }, "end": { "line": 505, "column": null } },
			"68": { "start": { "line": 509, "column": 44 }, "end": { "line": 509, "column": null } },
			"69": { "start": { "line": 511, "column": 57 }, "end": { "line": 513, "column": null } },
			"70": { "start": { "line": 517, "column": 38 }, "end": { "line": 517, "column": null } },
			"71": { "start": { "line": 523, "column": 27 }, "end": { "line": 537, "column": null } },
			"72": { "start": { "line": 541, "column": 13 }, "end": { "line": 544, "column": null } },
			"73": { "start": { "line": 542, "column": 20 }, "end": { "line": 542, "column": null } },
			"74": { "start": { "line": 542, "column": 46 }, "end": { "line": 542, "column": 59 } },
[...]
		}
	},
	"C:\\Users\\k1yt\\OneDrive\\Projects\\ZooCode\\packages\\types\\src\\providers\\minimax.ts": {
		"path": "C:\\Users\\k1yt\\OneDrive\\Projects\\ZooCode\\packages\\types\\src\\providers\\minimax.ts",
		"statementMap": {
			"0": { "start": { "line": 8, "column": 53 }, "end": { "line": 8, "column": null } },
			"1": { "start": { "line": 10, "column": 29 }, "end": { "line": 146, "column": null } },
			"2": { "start": { "line": 148, "column": 50 }, "end": { "line": 148, "column": null } },
			"3": { "start": { "line": 150, "column": 42 }, "end": { "line": 150, "column": null } },
			"4": { "start": { "line": 151, "column": 43 }, "end": { "line": 151, "column": null } }
		},
		"fnMap": {},
		"branchMap": {},
		"s": { "0": 9, "1": 9, "2": 9, "3": 9, "4": 9 },
		"f": {},
		"b": {},
		"meta": {
			"lastBranch": 0,
			"lastFunction": 0,
			"lastStatement": 5,
			"seen": {
				"s:8:53:8:Infinity": 0,
				"s:10:29:146:Infinity": 1,
				"s:148:50:148:Infinity": 2,
				"s:150:42:150:Infinity": 3,
				"s:151:43:151:Infinity": 4
			},
			"fnNames": {}
		}
	},
	"C:\\Users\\k1yt\\OneDrive\\Projects\\ZooCode\\packages\\types\\src\\providers\\mistral.ts": {
		"path": "C:\\Users\\k1yt\\OneDrive\\Projects\\ZooCode\\packages\\types\\src\\providers\\mistral.ts",
		"statementMap": {
			"0": { "start": { "line": 6, "column": 53 }, "end": { "line": 6, "column": null } },
			"1": { "start": { "line": 8, "column": 29 }, "end": { "line": 81, "column": null } },
			"2": { "start": { "line": 83, "column": 43 }, "end": { "line": 83, "column": null } }
		},
		"fnMap": {},
		"branchMap": {},
		"s": { "0": 9, "1": 9, "2": 9 },
		"f": {},
		"b": {},
		"meta": {
			"lastBranch": 0,
			"lastFunction": 0,
			"lastStatement": 3,
			"seen": { "s:6:53:6:Infinity": 0, "s:8:29:81:Infinity": 1, "s:83:43:83:Infinity": 2 },
			"fnNames": {}
		}
	},
	"C:\\Users\\k1yt\\OneDrive\\Projects\\ZooCode\\packages\\types\\src\\providers\\moonshot.ts": {
		"path": "C:\\Users\\k1yt\\OneDrive\\Projects\\ZooCode\\packages\\types\\src\\providers\\moonshot.ts",
		"statementMap": {
			"0": { "start": { "line": 6, "column": 55 }, "end": { "line": 6, "column": null } },
			"1": { "start": { "line": 8, "column": 30 }, "end": { "line": 120, "column": null } },
			"2": { "start": { "line": 122, "column": 44 }, "end": { "line": 122, "column": null } }
		},
		"fnMap": {},
		"branchMap": {},
		"s": { "0": 10, "1": 10, "2": 10 },
		"f": {},
		"b": {},
		"meta": {
			"lastBranch": 0,
			"lastFunction": 0,
			"lastStatement": 3,
			"seen": { "s:6:55:6:Infinity": 0, "s:8:30:120:Infinity": 1, "s:122:44:122:Infinity": 2 },
			"fnNames": {}
		}
	},
	"C:\\Users\\k1yt\\OneDrive\\Projects\\ZooCode\\packages\\types\\src\\providers\\ollama.ts": {
		"path": "C:\\Users\\k1yt\\OneDrive\\Projects\\ZooCode\\packages\\types\\src\\providers\\ollama.ts",
		"statementMap": {
			"0": { "start": { "line": 5, "column": 36 }, "end": { "line": 5, "column": null } },
			"1": { "start": { "line": 6, "column": 49 }, "end": { "line": 16, "column": null } }
		},
		"fnMap": {},
		"branchMap": {},
		"s": { "0": 9, "1": 9 },
		"f": {},
		"b": {},
		"meta": {
			"lastBranch": 0,
			"lastFunction": 0,
			"lastStatement": 2,
			"seen": { "s:5:36:5:Infinity": 0, "s:6:49:16:Infinity": 1 },
			"fnNames": {}
		}
	},
	"C:\\Users\\k1yt\\OneDrive\\Projects\\ZooCode\\packages\\types\\src\\providers\\openai-codex-rate-limits.ts": {
		"path": "C:\\Users\\k1yt\\OneDrive\\Projects\\ZooCode\\packages\\types\\src\\providers\\openai-codex-rate-limits.ts",
		"statementMap": {},
		"fnMap": {},
		"branchMap": {},
		"s": {},
		"f": {},
		"b": {},
		"meta": { "lastBranch": 0, "lastFunction": 0, "lastStatement": 0, "seen": {}, "fnNames": {} }
	},
	"C:\\Users\\k1yt\\OneDrive\\Projects\\ZooCode\\packages\\types\\src\\providers\\openai-codex.ts": {
		"path": "C:\\Users\\k1yt\\OneDrive\\Projects\\ZooCode\\packages\\types\\src\\providers\\openai-codex.ts",
		"statementMap": {
			"0": { "start": { "line": 19, "column": 61 }, "end": { "line": 19, "column": null } },
			"1": { "start": { "line": 26, "column": 33 }, "end": { "line": 284, "column": null } }
		},
		"fnMap": {},
		"branchMap": {},
		"s": { "0": 9, "1": 9 },
		"f": {},
		"b": {},
		"meta": {
			"lastBranch": 0,
			"lastFunction": 0,
			"lastStatement": 2,
			"seen": { "s:19:61:19:Infinity": 0, "s:26:33:284:Infinity": 1 },
			"fnNames": {}
		}
	},
	"C:\\Users\\k1yt\\OneDrive\\Projects\\ZooCode\\packages\\types\\src\\providers\\openai.ts": {
		"path": "C:\\Users\\k1yt\\OneDrive\\Projects\\ZooCode\\packages\\types\\src\\providers\\openai.ts",
		"statementMap": {
			"0": { "start": { "line": 6, "column": 35 }, "end": { "line": 6, "column": null } },
			"1": { "start": { "line": 7, "column": 63 }, "end": { "line": 7, "column": null } },
			"2": { "start": { "line": 9, "column": 34 }, "end": { "line": 690, "column": null } },
			"3": { "start": { "line": 692, "column": 54 }, "end": { "line": 699, "column": null } },
			"4": { "start": { "line": 703, "column": 44 }, "end": { "line": 703, "column": null } },
			"5": { "start": { "line": 705, "column": 49 }, "end": { "line": 705, "column": null } },
			"6": { "start": { "line": 707, "column": 46 }, "end": { "line": 707, "column": null } }
		},
		"fnMap": {},
		"branchMap": {},
		"s": { "0": 9, "1": 9, "2": 9, "3": 9, "4": 9, "5": 9, "6": 9 },
		"f": {},
		"b": {},
		"meta": {
			"lastBranch": 0,
			"lastFunction": 0,
			"lastStatement": 7,
			"seen": {
				"s:6:35:6:Infinity": 0,
				"s:7:63:7:Infinity": 1,
				"s:9:34:690:Infinity": 2,
				"s:692:54:699:Infinity": 3,
				"s:703:44:703:Infinity": 4,
				"s:705:49:705:Infinity": 5,
				"s:707:46:707:Infinity": 6
			},
			"fnNames": {}
		}
	},
	"C:\\Users\\k1yt\\OneDrive\\Projects\\ZooCode\\packages\\types\\src\\providers\\opencode-go.ts": {
		"path": "C:\\Users\\k1yt\\OneDrive\\Projects\\ZooCode\\packages\\types\\src\\providers\\opencode-go.ts",
		"statementMap": {
			"0": { "start": { "line": 9, "column": 40 }, "end": { "line": 9, "column": null } },
			"1": { "start": { "line": 11, "column": 53 }, "end": { "line": 20, "column": null } },
			"2": { "start": { "line": 22, "column": 47 }, "end": { "line": 22, "column": null } },
			"3": { "start": { "line": 58, "column": 59 }, "end": { "line": 332, "column": null } },
			"4": { "start": { "line": 350, "column": 51 }, "end": { "line": 359, "column": null } },
			"5": { "start": { "line": 368, "column": 1 }, "end": { "line": 368, "column": null } },
			"6": { "start": { "line": 377, "column": 1 }, "end": { "line": 377, "column": null } }
		},
		"fnMap": {
			"0": {
				"name": "isOpencodeGoAnthropicFormatModel",
				"decl": { "start": { "line": 367, "column": 16 }, "end": { "line": 367, "column": 49 } },
				"loc": { "start": { "line": 367, "column": 75 }, "end": { "line": 369, "column": null } },
				"line": 367
			},
			"1": {
				"name": "getOpencodeGoModelInfo",
				"decl": { "start": { "line": 376, "column": 16 }, "end": { "line": 376, "column": 39 } },
				"loc": { "start": { "line": 376, "column": 79 }, "end": { "line": 378, "column": null } },
				"line": 376
			}
		},
		"branchMap": {},
		"s": { "0": 10, "1": 10, "2": 10, "3": 10, "4": 10, "5": 30, "6": 11 },
		"f": { "0": 30, "1": 11 },
		"b": {},
		"meta": {
			"lastBranch": 0,
			"lastFunction": 2,
			"lastStatement": 7,
			"seen": {
				"s:9:40:9:Infinity": 0,
				"s:11:53:20:Infinity": 1,
				"s:22:47:22:Infinity": 2,
				"s:58:59:332:Infinity": 3,
				"s:350:51:359:Infinity": 4,
				"f:367:16:367:49": 0,
				"s:368:1:368:Infinity": 5,
				"f:376:16:376:39": 1,
				"s:377:1:377:Infinity": 6
			},
			"fnNames": {}
		}
	},
	"C:\\Users\\k1yt\\OneDrive\\Projects\\ZooCode\\packages\\types\\src\\providers\\openrouter.ts": {
		"path": "C:\\Users\\k1yt\\OneDrive\\Projects\\ZooCode\\packages\\types\\src\\providers\\openrouter.ts",
		"statementMap": {
			"0": { "start": { "line": 4, "column": 40 }, "end": { "line": 4, "column": null } },
			"1": { "start": { "line": 6, "column": 53 }, "end": { "line": 17, "column": null } },
			"2": { "start": { "line": 19, "column": 48 }, "end": { "line": 19, "column": null } },
			"3": { "start": { "line": 21, "column": 49 }, "end": { "line": 59, "column": null } },
			"4": { "start": { "line": 68, "column": 60 }, "end": { "line": 72, "column": null } },
			"5": { "start": { "line": 74, "column": 51 }, "end": { "line": 96, "column": null } }
		},
		"fnMap": {},
		"branchMap": {},
		"s": { "0": 9, "1": 9, "2": 9, "3": 9, "4": 9, "5": 9 },
		"f": {},
		"b": {},
		"meta": {
			"lastBranch": 0,
			"lastFunction": 0,
			"lastStatement": 6,
			"seen": {
				"s:4:40:4:Infinity": 0,
				"s:6:53:17:Infinity": 1,
				"s:19:48:19:Infinity": 2,
				"s:21:49:59:Infinity": 3,
				"s:68:60:72:Infinity": 4,
				"s:74:51:96:Infinity": 5
			},
			"fnNames": {}
		}
	},
	"C:\\Users\\k1yt\\OneDrive\\Projects\\ZooCode\\packages\\types\\src\\providers\\poe.ts": {
		"path": "C:\\Users\\k1yt\\OneDrive\\Projects\\ZooCode\\packages\\types\\src\\providers\\poe.ts",
		"statementMap": {},
		"fnMap": {},
		"branchMap": {},
		"s": {},
		"f": {},
		"b": {},
		"meta": { "lastBranch": 0, "lastFunction": 0, "lastStatement": 0, "seen": {}, "fnNames": {} }
	},
	"C:\\Users\\k1yt\\OneDrive\\Projects\\ZooCode\\packages\\types\\src\\providers\\qwen-code.ts": {
		"path": "C:\\Users\\k1yt\\OneDrive\\Projects\\ZooCode\\packages\\types\\src\\providers\\qwen-code.ts",
		"statementMap": {
			"0": { "start": { "line": 5, "column": 55 }, "end": { "line": 5, "column": null } },
			"1": { "start": { "line": 7, "column": 30 }, "end": { "line": 30, "column": null } }
		},
		"fnMap": {},
		"branchMap": {},
		"s": { "0": 9, "1": 9 },
		"f": {},
		"b": {},
		"meta": {
			"lastBranch": 0,
			"lastFunction": 0,
			"lastStatement": 2,
			"seen": { "s:5:55:5:Infinity": 0, "s:7:30:30:Infinity": 1 },
			"fnNames": {}
		}
	},
	"C:\\Users\\k1yt\\OneDrive\\Projects\\ZooCode\\packages\\types\\src\\providers\\requesty.ts": {
		"path": "C:\\Users\\k1yt\\OneDrive\\Projects\\ZooCode\\packages\\types\\src\\providers\\requesty.ts",
		"statementMap": {
			"0": { "start": { "line": 5, "column": 38 }, "end": { "line": 5, "column": null } },
			"1": { "start": { "line": 7, "column": 51 }, "end": { "line": 18, "column": null } }
		},
		"fnMap": {},
		"branchMap": {},
		"s": { "0": 9, "1": 9 },
		"f": {},
		"b": {},
		"meta": {
			"lastBranch": 0,
			"lastFunction": 0,
			"lastStatement": 2,
			"seen": { "s:5:38:5:Infinity": 0, "s:7:51:18:Infinity": 1 },
			"fnNames": {}
		}
	},
	"C:\\Users\\k1yt\\OneDrive\\Projects\\ZooCode\\packages\\types\\src\\providers\\sambanova.ts": {
		"path": "C:\\Users\\k1yt\\OneDrive\\Projects\\ZooCode\\packages\\types\\src\\providers\\sambanova.ts",
		"statementMap": {
			"0": { "start": { "line": 14, "column": 57 }, "end": { "line": 14, "column": null } },
			"1": { "start": { "line": 16, "column": 31 }, "end": { "line": 90, "column": null } }
		},
		"fnMap": {},
		"branchMap": {},
		"s": { "0": 9, "1": 9 },
		"f": {},
		"b": {},
		"meta": {
			"lastBranch": 0,
			"lastFunction": 0,
			"lastStatement": 2,
			"seen": { "s:14:57:14:Infinity": 0, "s:16:31:90:Infinity": 1 },
			"fnNames": {}
		}
	},
	"C:\\Users\\k1yt\\OneDrive\\Projects\\ZooCode\\packages\\types\\src\\providers\\unbound.ts": {
		"path": "C:\\Users\\k1yt\\OneDrive\\Projects\\ZooCode\\packages\\types\\src\\providers\\unbound.ts",
		"statementMap": {
			"0": { "start": { "line": 5, "column": 37 }, "end": { "line": 5, "column": null } },
			"1": { "start": { "line": 7, "column": 50 }, "end": { "line": 16, "column": null } }
		},
		"fnMap": {},
		"branchMap": {},
		"s": { "0": 9, "1": 9 },
		"f": {},
		"b": {},
		"meta": {
			"lastBranch": 0,
			"lastFunction": 0,
			"lastStatement": 2,
			"seen": { "s:5:37:5:Infinity": 0, "s:7:50:16:Infinity": 1 },
			"fnNames": {}
		}
	},
	"C:\\Users\\k1yt\\OneDrive\\Projects\\ZooCode\\packages\\types\\src\\providers\\vercel-ai-gateway.ts": {
		"path": "C:\\Users\\k1yt\\OneDrive\\Projects\\ZooCode\\packages\\types\\src\\providers\\vercel-ai-gateway.ts",
		"statementMap": {
			"0": { "start": { "line": 4, "column": 45 }, "end": { "line": 4, "column": null } },
			"1": { "start": { "line": 6, "column": 55 }, "end": { "line": 33, "column": null } },
			"2": { "start": { "line": 35, "column": 52 }, "end": { "line": 48, "column": null } },
			"3": { "start": { "line": 50, "column": 57 }, "end": { "line": 103, "column": null } },
			"4": { "start": { "line": 105, "column": 58 }, "end": { "line": 116, "column": null } },
			"5": { "start": { "line": 118, "column": 53 }, "end": { "line": 118, "column": null } }
		},
		"fnMap": {},
		"branchMap": {},
		"s": { "0": 9, "1": 9, "2": 9, "3": 9, "4": 9, "5": 9 },
		"f": {},
		"b": {},
		"meta": {
			"lastBranch": 0,
			"lastFunction": 0,
			"lastStatement": 6,
			"seen": {
				"s:4:45:4:Infinity": 0,
				"s:6:55:33:Infinity": 1,
				"s:35:52:48:Infinity": 2,
				"s:50:57:103:Infinity": 3,
				"s:105:58:116:Infinity": 4,
				"s:118:53:118:Infinity": 5
			},
			"fnNames": {}
		}
	},
	"C:\\Users\\k1yt\\OneDrive\\Projects\\ZooCode\\packages\\types\\src\\providers\\vertex.ts": {
		"path": "C:\\Users\\k1yt\\OneDrive\\Projects\\ZooCode\\packages\\types\\src\\providers\\vertex.ts",
		"statementMap": {
			"0": { "start": { "line": 6, "column": 51 }, "end": { "line": 6, "column": null } },
			"1": { "start": { "line": 8, "column": 28 }, "end": { "line": 683, "column": null } },
			"2": { "start": { "line": 687, "column": 43 }, "end": { "line": 694, "column": null } },
			"3": { "start": { "line": 696, "column": 30 }, "end": { "line": 732, "column": null } }
		},
		"fnMap": {},
		"branchMap": {},
		"s": { "0": 9, "1": 9, "2": 9, "3": 9 },
		"f": {},
		"b": {},
		"meta": {
			"lastBranch": 0,
			"lastFunction": 0,
			"lastStatement": 4,
			"seen": {
				"s:6:51:6:Infinity": 0,
				"s:8:28:683:Infinity": 1,
				"s:687:43:694:Infinity": 2,
				"s:696:30:732:Infinity": 3
			},
			"fnNames": {}
		}
	},
	"C:\\Users\\k1yt\\OneDrive\\Projects\\ZooCode\\packages\\types\\src\\providers\\vscode-llm.ts": {
		"path": "C:\\Users\\k1yt\\OneDrive\\Projects\\ZooCode\\packages\\types\\src\\providers\\vscode-llm.ts",
		"statementMap": {
			"0": { "start": { "line": 5, "column": 57 }, "end": { "line": 5, "column": null } },
			"1": { "start": { "line": 10, "column": 31 }, "end": { "line": 215, "column": null } }
		},
		"fnMap": {},
		"branchMap": {},
		"s": { "0": 10, "1": 10 },
		"f": {},
		"b": {},
		"meta": {
			"lastBranch": 0,
			"lastFunction": 0,
			"lastStatement": 2,
			"seen": { "s:5:57:5:Infinity": 0, "s:10:31:215:Infinity": 1 },
			"fnNames": {}
		}
	},
	"C:\\Users\\k1yt\\OneDrive\\Projects\\ZooCode\\packages\\types\\src\\providers\\xai.ts": {
		"path": "C:\\Users\\k1yt\\OneDrive\\Projects\\ZooCode\\packages\\types\\src\\providers\\xai.ts",
		"statementMap": {
			"0": { "start": { "line": 6, "column": 45 }, "end": { "line": 6, "column": null } },
			"1": { "start": { "line": 8, "column": 25 }, "end": { "line": 148, "column": null } }
		},
		"fnMap": {},
		"branchMap": {},
		"s": { "0": 9, "1": 9 },
		"f": {},
		"b": {},
		"meta": {
			"lastBranch": 0,
			"lastFunction": 0,
			"lastStatement": 2,
			"seen": { "s:6:45:6:Infinity": 0, "s:8:25:148:Infinity": 1 },
			"fnNames": {}
		}
	},
	"C:\\Users\\k1yt\\OneDrive\\Projects\\ZooCode\\packages\\types\\src\\providers\\zai.ts": {
		"path": "C:\\Users\\k1yt\\OneDrive\\Projects\\ZooCode\\packages\\types\\src\\providers\\zai.ts",
		"statementMap": {
			"0": { "start": { "line": 14, "column": 71 }, "end": { "line": 14, "column": null } },
			"1": { "start": { "line": 15, "column": 38 }, "end": { "line": 248, "column": null } },
			"2": { "start": { "line": 251, "column": 61 }, "end": { "line": 251, "column": null } },
			"3": { "start": { "line": 252, "column": 33 }, "end": { "line": 474, "column": null } },
			"4": { "start": { "line": 476, "column": 39 }, "end": { "line": 476, "column": null } },
			"5": { "start": { "line": 478, "column": 33 }, "end": { "line": 499, "column": null } }
		},
		"fnMap": {},
		"branchMap": {},
		"s": { "0": 9, "1": 9, "2": 9, "3": 9, "4": 9, "5": 9 },
		"f": {},
		"b": {},
		"meta": {
			"lastBranch": 0,
			"lastFunction": 0,
			"lastStatement": 6,
			"seen": {
				"s:14:71:14:Infinity": 0,
				"s:15:38:248:Infinity": 1,
				"s:251:61:251:Infinity": 2,
				"s:252:33:474:Infinity": 3,
				"s:476:39:476:Infinity": 4,
				"s:478:33:499:Infinity": 5
			},
			"fnNames": {}
		}
	},
	"C:\\Users\\k1yt\\OneDrive\\Projects\\ZooCode\\packages\\types\\src\\providers\\zoo-gateway.ts": {
		"path": "C:\\Users\\k1yt\\OneDrive\\Projects\\ZooCode\\packages\\types\\src\\providers\\zoo-gateway.ts",
		"statementMap": {
			"0": { "start": { "line": 4, "column": 40 }, "end": { "line": 4, "column": null } },
			"1": { "start": { "line": 11, "column": 53 }, "end": { "line": 22, "column": null } },
			"2": { "start": { "line": 24, "column": 47 }, "end": { "line": 24, "column": null } }
		},
		"fnMap": {},
		"branchMap": {},
		"s": { "0": 9, "1": 9, "2": 9 },
		"f": {},
		"b": {},
		"meta": {
			"lastBranch": 0,
			"lastFunction": 0,
			"lastStatement": 3,
			"seen": { "s:4:40:4:Infinity": 0, "s:11:53:22:Infinity": 1, "s:24:47:24:Infinity": 2 },
			"fnNames": {}
		}
	},
	"C:\\Users\\k1yt\\OneDrive\\Projects\\ZooCode\\packages\\types\\src\\utils\\looksLikeFilePath.ts": {
		"path": "C:\\Users\\k1yt\\OneDrive\\Projects\\ZooCode\\packages\\types\\src\\utils\\looksLikeFilePath.ts",
		"statementMap": {
			"0": { "start": { "line": 11, "column": 1 }, "end": { "line": 13, "column": null } },
			"1": { "start": { "line": 12, "column": 2 }, "end": { "line": 12, "column": null } },
			"2": { "start": { "line": 14, "column": 17 }, "end": { "line": 14, "column": null } },
			"3": { "start": { "line": 15, "column": 1 }, "end": { "line": 17, "column": null } },
			"4": { "start": { "line": 16, "column": 2 }, "end": { "line": 16, "column": null } },
			"5": { "start": { "line": 18, "column": 1 }, "end": { "line": 22, "column": null } }
		},
		"fnMap": {
			"0": {
				"name": "looksLikeFilePath",
				"decl": { "start": { "line": 10, "column": 16 }, "end": { "line": 10, "column": 34 } },
				"loc": { "start": { "line": 10, "column": 77 }, "end": { "line": 24, "column": null } },
				"line": 10
			}
		},
		"branchMap": {
			"0": {
				"loc": { "start": { "line": 11, "column": 1 }, "end": { "line": 13, "column": null } },
				"type": "if",
				"locations": [
					{ "start": { "line": 11, "column": 1 }, "end": { "line": 13, "column": null } },
					{ "start": {}, "end": {} }
				],
				"line": 11
			},
			"1": {
				"loc": { "start": { "line": 15, "column": 1 }, "end": { "line": 17, "column": null } },
				"type": "if",
				"locations": [
					{ "start": { "line": 15, "column": 1 }, "end": { "line": 17, "column": null } },
					{ "start": {}, "end": {} }
				],
				"line": 15
			},
			"2": {
				"loc": { "start": { "line": 19, "column": 2 }, "end": { "line": 22, "column": null } },
				"type": "binary-expr",
				"locations": [
					{ "start": { "line": 19, "column": 2 }, "end": { "line": 19, "column": null } },
					{ "start": { "line": 20, "column": 2 }, "end": { "line": 20, "column": null } },
					{ "start": { "line": 21, "column": 2 }, "end": { "line": 21, "column": null } },
					{ "start": { "line": 22, "column": 2 }, "end": { "line": 22, "column": null } }
				],
				"line": 19
			}
		},
		"s": { "0": 19, "1": 2, "2": 17, "3": 17, "4": 2, "5": 15 },
		"f": { "0": 19 },
		"b": { "0": [2, 17], "1": [2, 15], "2": [15, 11, 8, 7] },
		"meta": {
			"lastBranch": 3,
			"lastFunction": 1,
			"lastStatement": 6,
			"seen": {
				"f:10:16:10:34": 0,
				"b:11:1:13:Infinity:undefined:undefined:undefined:undefined": 0,
				"s:11:1:13:Infinity": 0,
				"s:12:2:12:Infinity": 1,
				"s:14:17:14:Infinity": 2,
				"b:15:1:17:Infinity:undefined:undefined:undefined:undefined": 1,
				"s:15:1:17:Infinity": 3,
				"s:16:2:16:Infinity": 4,
				"s:18:1:22:Infinity": 5,
				"b:19:2:19:Infinity:20:2:20:Infinity:21:2:21:Infinity:22:2:22:Infinity": 2
			},
			"fnNames": {}
		}
	}
}
