{"numTotalTestSuites":23,"numPassedTestSuites":23,"numFailedTestSuites":0,"numPendingTestSuites":0,"numTotalTests":36,"numPassedTests":36,"numFailedTests":0,"numPendingTests":0,"numTodoTests":0,"snapshot":{"added":0,"failure":false,"filesAdded":0,"filesRemoved":0,"filesRemovedList":[],"filesUnmatched":0,"filesUpdated":0,"matched":0,"total":0,"unchecked":0,"uncheckedKeysByFile":[],"unmatched":0,"updated":0,"didUpdate":false},"startTime":1785765832889,"success":true,"testResults":[{"assertionResults":[{"ancestorTitles":["UsageStatsStreamCoordinator","no-subscriber idle behavior"],"fullName":"UsageStatsStreamCoordinator no-subscriber idle behavior should not schedule a drain when there are no subscribers","status":"passed","title":"should not schedule a drain when there are no subscribers","duration":17.911399999999958,"failureMessages":[],"meta":{},"tags":[]},{"ancestorTitles":["UsageStatsStreamCoordinator","no-subscriber idle behavior"],"fullName":"UsageStatsStreamCoordinator no-subscriber idle behavior should not schedule a drain for external change with no subscribers","status":"passed","title":"should not schedule a drain for external change with no subscribers","duration":9.95309999999995,"failureMessages":[],"meta":{},"tags":[]},{"ancestorTitles":["UsageStatsStreamCoordinator","subscribe — initial snapshot"],"fullName":"UsageStatsStreamCoordinator subscribe — initial snapshot should send an initial snapshot on subscribe","status":"passed","title":"should send an initial snapshot on subscribe","duration":22.398200000000088,"failureMessages":[],"meta":{},"tags":[]},{"ancestorTitles":["UsageStatsStreamCoordinator","subscribe — initial snapshot"],"fullName":"UsageStatsStreamCoordinator subscribe — initial snapshot should send error when database is null","status":"passed","title":"should send error when database is null","duration":12.27299999999991,"failureMessages":[],"meta":{},"tags":[]},{"ancestorTitles":["UsageStatsStreamCoordinator","subscribe — initial snapshot"],"fullName":"UsageStatsStreamCoordinator subscribe — initial snapshot includes zero-usage History tasks in a task snapshot","status":"passed","title":"includes zero-usage History tasks in a task snapshot","duration":14.734699999999975,"failureMessages":[],"meta":{},"tags":[]},{"ancestorTitles":["UsageStatsStreamCoordinator","History-first task stream updates"],"fullName":"UsageStatsStreamCoordinator History-first task stream updates upserts the direct task and its visible ancestor after usage","status":"passed","title":"upserts the direct task and its visible ancestor after usage","duration":17.984300000000076,"failureMessages":[],"meta":{},"tags":[]},{"ancestorTitles":["UsageStatsStreamCoordinator","History-first task stream updates"],"fullName":"UsageStatsStreamCoordinator History-first task stream updates coalesces a History mutation burst into one replacement task snapshot","status":"passed","title":"coalesces a History mutation burst into one replacement task snapshot","duration":13.222099999999955,"failureMessages":[],"meta":{},"tags":[]},{"ancestorTitles":["UsageStatsStreamCoordinator","History-first task stream updates"],"fullName":"UsageStatsStreamCoordinator History-first task stream updates keeps History task IDs with zero metrics after a generation reset","status":"passed","title":"keeps History task IDs with zero metrics after a generation reset","duration":14.435500000000047,"failureMessages":[],"meta":{},"tags":[]},{"ancestorTitles":["UsageStatsStreamCoordinator","local notification coalescing"],"fullName":"UsageStatsStreamCoordinator local notification coalescing should coalesce multiple notifications into a single drain","status":"passed","title":"should coalesce multiple notifications into a single drain","duration":21.058199999999943,"failureMessages":[],"meta":{},"tags":[]},{"ancestorTitles":["UsageStatsStreamCoordinator","external notification coalescing"],"fullName":"UsageStatsStreamCoordinator external notification coalescing should coalesce external change notifications","status":"passed","title":"should coalesce external change notifications","duration":18.49240000000009,"failureMessages":[],"meta":{},"tags":[]},{"ancestorTitles":["UsageStatsStreamCoordinator","query filtering"],"fullName":"UsageStatsStreamCoordinator query filtering should send zero deltas for events outside the query time range","status":"passed","title":"should send zero deltas for events outside the query time range","duration":17.950900000000047,"failureMessages":[],"meta":{},"tags":[]},{"ancestorTitles":["UsageStatsStreamCoordinator","max batch / size limits"],"fullName":"UsageStatsStreamCoordinator max batch / size limits should limit each drain batch to MAX_BATCH_EVENTS (100)","status":"passed","title":"should limit each drain batch to MAX_BATCH_EVENTS (100)","duration":392.9626999999998,"failureMessages":[],"meta":{},"tags":[]},{"ancestorTitles":["UsageStatsStreamCoordinator","duplicate notifications"],"fullName":"UsageStatsStreamCoordinator duplicate notifications should not re-send deltas for already-seen sequences","status":"passed","title":"should not re-send deltas for already-seen sequences","duration":22.428800000000138,"failureMessages":[],"meta":{},"tags":[]},{"ancestorTitles":["UsageStatsStreamCoordinator","pause and resume"],"fullName":"UsageStatsStreamCoordinator pause and resume should stop delta delivery when paused","status":"passed","title":"should stop delta delivery when paused","duration":12.856899999999996,"failureMessages":[],"meta":{},"tags":[]},{"ancestorTitles":["UsageStatsStreamCoordinator","pause and resume"],"fullName":"UsageStatsStreamCoordinator pause and resume should resume delta delivery from the last sequence","status":"passed","title":"should resume delta delivery from the last sequence","duration":18.853399999999965,"failureMessages":[],"meta":{},"tags":[]},{"ancestorTitles":["UsageStatsStreamCoordinator","hidden resume after long period"],"fullName":"UsageStatsStreamCoordinator hidden resume after long period should send full snapshot when gap is too large (>100 events)","status":"passed","title":"should send full snapshot when gap is too large (>100 events)","duration":322.6499000000001,"failureMessages":[],"meta":{},"tags":[]},{"ancestorTitles":["UsageStatsStreamCoordinator","gap fallback to snapshot"],"fullName":"UsageStatsStreamCoordinator gap fallback to snapshot should send snapshot when generation changes during resume","status":"passed","title":"should send snapshot when generation changes during resume","duration":13.998199999999997,"failureMessages":[],"meta":{},"tags":[]},{"ancestorTitles":["UsageStatsStreamCoordinator","rollover at midnight"],"fullName":"UsageStatsStreamCoordinator rollover at midnight should send fresh snapshots when day boundary is crossed","status":"passed","title":"should send fresh snapshots when day boundary is crossed","duration":11.014299999999821,"failureMessages":[],"meta":{},"tags":[]},{"ancestorTitles":["UsageStatsStreamCoordinator","clear generation"],"fullName":"UsageStatsStreamCoordinator clear generation should send reset snapshot to all subscribers on resetGeneration","status":"passed","title":"should send reset snapshot to all subscribers on resetGeneration","duration":16.305899999999838,"failureMessages":[],"meta":{},"tags":[]},{"ancestorTitles":["UsageStatsStreamCoordinator","message failure (rejected postMessage)"],"fullName":"UsageStatsStreamCoordinator message failure (rejected postMessage) should handle rejected postMessage on delta without crashing","status":"passed","title":"should handle rejected postMessage on delta without crashing","duration":18.88799999999992,"failureMessages":[],"meta":{},"tags":[]},{"ancestorTitles":["UsageStatsStreamCoordinator","message failure (rejected postMessage)"],"fullName":"UsageStatsStreamCoordinator message failure (rejected postMessage) should mark subscriber for snapshot fallback on delta failure","status":"passed","title":"should mark subscriber for snapshot fallback on delta failure","duration":14.808899999999994,"failureMessages":[],"meta":{},"tags":[]},{"ancestorTitles":["UsageStatsStreamCoordinator","disposal cleanup"],"fullName":"UsageStatsStreamCoordinator disposal cleanup should clear all subscriptions on dispose","status":"passed","title":"should clear all subscriptions on dispose","duration":10.698499999999967,"failureMessages":[],"meta":{},"tags":[]},{"ancestorTitles":["UsageStatsStreamCoordinator","disposal cleanup"],"fullName":"UsageStatsStreamCoordinator disposal cleanup should not schedule drains after dispose","status":"passed","title":"should not schedule drains after dispose","duration":10.442799999999806,"failureMessages":[],"meta":{},"tags":[]},{"ancestorTitles":["UsageStatsStreamCoordinator","disposal cleanup"],"fullName":"UsageStatsStreamCoordinator disposal cleanup should not accept new subscriptions after dispose","status":"passed","title":"should not accept new subscriptions after dispose","duration":9.871700000000146,"failureMessages":[],"meta":{},"tags":[]},{"ancestorTitles":["UsageStatsStreamCoordinator","replaceSubscription"],"fullName":"UsageStatsStreamCoordinator replaceSubscription should replace the subscription and send a new snapshot","status":"passed","title":"should replace the subscription and send a new snapshot","duration":11.405700000000252,"failureMessages":[],"meta":{},"tags":[]},{"ancestorTitles":["UsageStatsStreamCoordinator","unsubscribe"],"fullName":"UsageStatsStreamCoordinator unsubscribe should remove the subscription","status":"passed","title":"should remove the subscription","duration":10.872299999999996,"failureMessages":[],"meta":{},"tags":[]},{"ancestorTitles":["UsageStatsStreamCoordinator","unsubscribe"],"fullName":"UsageStatsStreamCoordinator unsubscribe should not deliver deltas after unsubscribe","status":"passed","title":"should not deliver deltas after unsubscribe","duration":11.898499999999785,"failureMessages":[],"meta":{},"tags":[]},{"ancestorTitles":["UsageStatsStreamCoordinator","visibility filtering"],"fullName":"UsageStatsStreamCoordinator visibility filtering should skip delta delivery when sink is not visible","status":"passed","title":"should skip delta delivery when sink is not visible","duration":13.714600000000246,"failureMessages":[],"meta":{},"tags":[]},{"ancestorTitles":["UsageStatsStreamCoordinator","visibility filtering"],"fullName":"UsageStatsStreamCoordinator visibility filtering should still deliver snapshots when sink is not visible","status":"passed","title":"should still deliver snapshots when sink is not visible","duration":11.01890000000003,"failureMessages":[],"meta":{},"tags":[]},{"ancestorTitles":["UsageStatsStreamCoordinator","multiple subscribers"],"fullName":"UsageStatsStreamCoordinator multiple subscribers should deliver deltas to all active subscribers","status":"passed","title":"should deliver deltas to all active subscribers","duration":14.197400000000016,"failureMessages":[],"meta":{},"tags":[]},{"ancestorTitles":["UsageStatsStreamCoordinator","multiple subscribers"],"fullName":"UsageStatsStreamCoordinator multiple subscribers should only deliver deltas to non-paused subscribers","status":"passed","title":"should only deliver deltas to non-paused subscribers","duration":14.347200000000157,"failureMessages":[],"meta":{},"tags":[]},{"ancestorTitles":["UsageStatsStreamCoordinator","multiple subscribers","auto-rebuild stale rollups"],"fullName":"UsageStatsStreamCoordinator multiple subscribers auto-rebuild stale rollups should auto-rebuild when events exist but derived tables are empty","status":"passed","title":"should auto-rebuild when events exist but derived tables are empty","duration":17.764300000000276,"failureMessages":[],"meta":{},"tags":[]},{"ancestorTitles":["UsageStatsStreamCoordinator","multiple subscribers","auto-rebuild stale rollups"],"fullName":"UsageStatsStreamCoordinator multiple subscribers auto-rebuild stale rollups should NOT rebuild when derived tables are already consistent","status":"passed","title":"should NOT rebuild when derived tables are already consistent","duration":15.54340000000002,"failureMessages":[],"meta":{},"tags":[]},{"ancestorTitles":["UsageStatsStreamCoordinator","multiple subscribers","auto-rebuild stale rollups"],"fullName":"UsageStatsStreamCoordinator multiple subscribers auto-rebuild stale rollups should send original snapshot when rebuildRollupsFromEvents throws","status":"passed","title":"should send original snapshot when rebuildRollupsFromEvents throws","duration":15.53060000000005,"failureMessages":[],"meta":{},"tags":[]},{"ancestorTitles":["UsageStatsStreamCoordinator","multiple subscribers","auto-rebuild stale rollups"],"fullName":"UsageStatsStreamCoordinator multiple subscribers auto-rebuild stale rollups should only attempt rebuild once across multiple snapshots (one-time check)","status":"passed","title":"should only attempt rebuild once across multiple snapshots (one-time check)","duration":19.559000000000196,"failureMessages":[],"meta":{},"tags":[]},{"ancestorTitles":["UsageStatsStreamCoordinator","force drain"],"fullName":"UsageStatsStreamCoordinator force drain should drain immediately when _forceDrain is called","status":"passed","title":"should drain immediately when _forceDrain is called","duration":13.874000000000251,"failureMessages":[],"meta":{},"tags":[]}],"startTime":1785765834190,"endTime":1785765835417.874,"status":"passed","message":"","name":"C:/Users/k1yt/OneDrive/Projects/ZooCode/src/services/stats/__tests__/UsageStatsStreamCoordinator.spec.ts"}]}