{"numTotalTestSuites":19,"numPassedTestSuites":19,"numFailedTestSuites":0,"numPendingTestSuites":0,"numTotalTests":58,"numPassedTests":58,"numFailedTests":0,"numPendingTests":0,"numTodoTests":0,"snapshot":{"added":0,"failure":false,"filesAdded":0,"filesRemoved":0,"filesRemovedList":[],"filesUnmatched":0,"filesUpdated":0,"matched":0,"total":0,"unchecked":0,"uncheckedKeysByFile":[],"unmatched":0,"updated":0,"didUpdate":false},"startTime":1785760804023,"success":true,"testResults":[{"assertionResults":[{"ancestorTitles":["UsageStatsDatabase","initialize"],"fullName":"UsageStatsDatabase initialize should create the database file","status":"passed","title":"should create the database file","duration":13.527700000000095,"failureMessages":[],"meta":{},"tags":[]},{"ancestorTitles":["UsageStatsDatabase","initialize"],"fullName":"UsageStatsDatabase initialize should create the direct task usage projection and task event index","status":"passed","title":"should create the direct task usage projection and task event index","duration":9.983799999999974,"failureMessages":[],"meta":{},"tags":[]},{"ancestorTitles":["UsageStatsDatabase","initialize"],"fullName":"UsageStatsDatabase initialize should be idempotent (calling twice is safe)","status":"passed","title":"should be idempotent (calling twice is safe)","duration":10.605299999999943,"failureMessages":[],"meta":{},"tags":[]},{"ancestorTitles":["UsageStatsDatabase","initialize"],"fullName":"UsageStatsDatabase initialize should close and clear an opened connection when initialization fails","status":"passed","title":"should close and clear an opened connection when initialization fails","duration":12.441600000000108,"failureMessages":[],"meta":{},"tags":[]},{"ancestorTitles":["UsageStatsDatabase","initialize"],"fullName":"UsageStatsDatabase initialize should start with generation 1","status":"passed","title":"should start with generation 1","duration":9.52110000000016,"failureMessages":[],"meta":{},"tags":[]},{"ancestorTitles":["UsageStatsDatabase","initialize"],"fullName":"UsageStatsDatabase initialize should start with last sequence 0","status":"passed","title":"should start with last sequence 0","duration":9.049399999999878,"failureMessages":[],"meta":{},"tags":[]},{"ancestorTitles":["UsageStatsDatabase","append"],"fullName":"UsageStatsDatabase append should insert a new event and return inserted=true","status":"passed","title":"should insert a new event and return inserted=true","duration":13.593199999999797,"failureMessages":[],"meta":{},"tags":[]},{"ancestorTitles":["UsageStatsDatabase","append"],"fullName":"UsageStatsDatabase append should assign monotonic sequences","status":"passed","title":"should assign monotonic sequences","duration":16.73850000000016,"failureMessages":[],"meta":{},"tags":[]},{"ancestorTitles":["UsageStatsDatabase","append"],"fullName":"UsageStatsDatabase append should reject duplicate events (idempotency)","status":"passed","title":"should reject duplicate events (idempotency)","duration":11.04690000000005,"failureMessages":[],"meta":{},"tags":[]},{"ancestorTitles":["UsageStatsDatabase","append"],"fullName":"UsageStatsDatabase append should reject duplicate by idempotencyKey even with different eventId","status":"passed","title":"should reject duplicate by idempotencyKey even with different eventId","duration":10.732999999999947,"failureMessages":[],"meta":{},"tags":[]},{"ancestorTitles":["UsageStatsDatabase","append"],"fullName":"UsageStatsDatabase append should update last sequence in meta after append","status":"passed","title":"should update last sequence in meta after append","duration":14.360099999999875,"failureMessages":[],"meta":{},"tags":[]},{"ancestorTitles":["UsageStatsDatabase","readEventsAfter"],"fullName":"UsageStatsDatabase readEventsAfter should read events in ascending sequence order","status":"passed","title":"should read events in ascending sequence order","duration":19.098600000000033,"failureMessages":[],"meta":{},"tags":[]},{"ancestorTitles":["UsageStatsDatabase","readEventsAfter"],"fullName":"UsageStatsDatabase readEventsAfter should respect the limit parameter","status":"passed","title":"should respect the limit parameter","duration":279.4057,"failureMessages":[],"meta":{},"tags":[]},{"ancestorTitles":["UsageStatsDatabase","readEventsAfter"],"fullName":"UsageStatsDatabase readEventsAfter should cap at MAX_BATCH_SIZE (100)","status":"passed","title":"should cap at MAX_BATCH_SIZE (100)","duration":367.36339999999996,"failureMessages":[],"meta":{},"tags":[]},{"ancestorTitles":["UsageStatsDatabase","readEventsAfter"],"fullName":"UsageStatsDatabase readEventsAfter should return empty batch when no events after cursor","status":"passed","title":"should return empty batch when no events after cursor","duration":10.344299999999976,"failureMessages":[],"meta":{},"tags":[]},{"ancestorTitles":["UsageStatsDatabase","readAllEvents"],"fullName":"UsageStatsDatabase readAllEvents should return all events","status":"passed","title":"should return all events","duration":475.87200000000007,"failureMessages":[],"meta":{},"tags":[]},{"ancestorTitles":["UsageStatsDatabase","concurrent window simulation"],"fullName":"UsageStatsDatabase concurrent window simulation should handle interleaved appends from two database instances on the same file","status":"passed","title":"should handle interleaved appends from two database instances on the same file","duration":209.78989999999976,"failureMessages":[],"meta":{},"tags":[]},{"ancestorTitles":["UsageStatsDatabase","concurrent window simulation"],"fullName":"UsageStatsDatabase concurrent window simulation should deduplicate across two database instances","status":"passed","title":"should deduplicate across two database instances","duration":14.065999999999804,"failureMessages":[],"meta":{},"tags":[]},{"ancestorTitles":["UsageStatsDatabase","rollups"],"fullName":"UsageStatsDatabase rollups should update lifetime totals on append","status":"passed","title":"should update lifetime totals on append","duration":12.857300000000123,"failureMessages":[],"meta":{},"tags":[]},{"ancestorTitles":["UsageStatsDatabase","rollups"],"fullName":"UsageStatsDatabase rollups should not double-count duplicate events in rollups","status":"passed","title":"should not double-count duplicate events in rollups","duration":11.585500000000138,"failureMessages":[],"meta":{},"tags":[]},{"ancestorTitles":["UsageStatsDatabase","rollups"],"fullName":"UsageStatsDatabase rollups should update daily rollups","status":"passed","title":"should update daily rollups","duration":11.164299999999912,"failureMessages":[],"meta":{},"tags":[]},{"ancestorTitles":["UsageStatsDatabase","computeLocalDayBucket"],"fullName":"UsageStatsDatabase computeLocalDayBucket should return the correct local day for UTC+9 (Seoul)","status":"passed","title":"should return the correct local day for UTC+9 (Seoul)","duration":8.805699999999888,"failureMessages":[],"meta":{},"tags":[]},{"ancestorTitles":["UsageStatsDatabase","computeLocalDayBucket"],"fullName":"UsageStatsDatabase computeLocalDayBucket should return the same UTC day when offset is 0","status":"passed","title":"should return the same UTC day when offset is 0","duration":8.730099999999766,"failureMessages":[],"meta":{},"tags":[]},{"ancestorTitles":["UsageStatsDatabase","computeLocalDayBucket"],"fullName":"UsageStatsDatabase computeLocalDayBucket should handle negative offsets (UTC-5)","status":"passed","title":"should handle negative offsets (UTC-5)","duration":8.497199999999793,"failureMessages":[],"meta":{},"tags":[]},{"ancestorTitles":["UsageStatsDatabase","computeLocalDayBucket"],"fullName":"UsageStatsDatabase computeLocalDayBucket should handle midnight boundary exactly","status":"passed","title":"should handle midnight boundary exactly","duration":8.676699999999983,"failureMessages":[],"meta":{},"tags":[]},{"ancestorTitles":["UsageStatsDatabase","computeLocalDayBucket"],"fullName":"UsageStatsDatabase computeLocalDayBucket should handle year boundary (UTC+9)","status":"passed","title":"should handle year boundary (UTC+9)","duration":8.751500000000306,"failureMessages":[],"meta":{},"tags":[]},{"ancestorTitles":["UsageStatsDatabase","local timezone day bucketing"],"fullName":"UsageStatsDatabase local timezone day bucketing should bucket events using local timezone, not UTC","status":"passed","title":"should bucket events using local timezone, not UTC","duration":11.361399999999776,"failureMessages":[],"meta":{},"tags":[]},{"ancestorTitles":["UsageStatsDatabase","local timezone day bucketing"],"fullName":"UsageStatsDatabase local timezone day bucketing should bucket events correctly in bulkAppend","status":"passed","title":"should bucket events correctly in bulkAppend","duration":13.46539999999959,"failureMessages":[],"meta":{},"tags":[]},{"ancestorTitles":["UsageStatsDatabase","local timezone day bucketing"],"fullName":"UsageStatsDatabase local timezone day bucketing should project session_activity with local day bucket","status":"passed","title":"should project session_activity with local day bucket","duration":13.453199999999924,"failureMessages":[],"meta":{},"tags":[]},{"ancestorTitles":["UsageStatsDatabase","v2 migration (local day bucket recompute)"],"fullName":"UsageStatsDatabase v2 migration (local day bucket recompute) should migrate UTC-bucketed rows to local day buckets","status":"passed","title":"should migrate UTC-bucketed rows to local day buckets","duration":26.077000000000226,"failureMessages":[],"meta":{},"tags":[]},{"ancestorTitles":["UsageStatsDatabase","v2 migration (local day bucket recompute)"],"fullName":"UsageStatsDatabase v2 migration (local day bucket recompute) should rebuild session_activity with local day buckets during migration","status":"passed","title":"should rebuild session_activity with local day buckets during migration","duration":24.921100000000024,"failureMessages":[],"meta":{},"tags":[]},{"ancestorTitles":["UsageStatsDatabase","v2 migration (local day bucket recompute)"],"fullName":"UsageStatsDatabase v2 migration (local day bucket recompute) should be idempotent (running migration twice produces same result)","status":"passed","title":"should be idempotent (running migration twice produces same result)","duration":33.68139999999994,"failureMessages":[],"meta":{},"tags":[]},{"ancestorTitles":["UsageStatsDatabase","v2 migration (local day bucket recompute)"],"fullName":"UsageStatsDatabase v2 migration (local day bucket recompute) should preserve lifetime totals after migration","status":"passed","title":"should preserve lifetime totals after migration","duration":30.442999999999756,"failureMessages":[],"meta":{},"tags":[]},{"ancestorTitles":["UsageStatsDatabase","v2 migration (local day bucket recompute)"],"fullName":"UsageStatsDatabase v2 migration (local day bucket recompute) should handle empty database migration gracefully","status":"passed","title":"should handle empty database migration gracefully","duration":12.135099999999966,"failureMessages":[],"meta":{},"tags":[]},{"ancestorTitles":["UsageStatsDatabase","session projections"],"fullName":"UsageStatsDatabase session projections should upsert session metadata on append","status":"passed","title":"should upsert session metadata on append","duration":12.636199999999917,"failureMessages":[],"meta":{},"tags":[]},{"ancestorTitles":["UsageStatsDatabase","session projections"],"fullName":"UsageStatsDatabase session projections should accumulate session totals on subsequent appends","status":"passed","title":"should accumulate session totals on subsequent appends","duration":12.910399999999754,"failureMessages":[],"meta":{},"tags":[]},{"ancestorTitles":["UsageStatsDatabase","session projections"],"fullName":"UsageStatsDatabase session projections should order sessions by last activity descending","status":"passed","title":"should order sessions by last activity descending","duration":13.510099999999966,"failureMessages":[],"meta":{},"tags":[]},{"ancestorTitles":["UsageStatsDatabase","session projections"],"fullName":"UsageStatsDatabase session projections should support cursor pagination","status":"passed","title":"should support cursor pagination","duration":134.39980000000014,"failureMessages":[],"meta":{},"tags":[]},{"ancestorTitles":["UsageStatsDatabase","task usage projections"],"fullName":"UsageStatsDatabase task usage projections should update the direct task exactly once and preserve root-session compatibility","status":"passed","title":"should update the direct task exactly once and preserve root-session compatibility","duration":12.538300000000163,"failureMessages":[],"meta":{},"tags":[]},{"ancestorTitles":["UsageStatsDatabase","task usage projections"],"fullName":"UsageStatsDatabase task usage projections should use indexed focused event reads instead of a full event-log read","status":"passed","title":"should use indexed focused event reads instead of a full event-log read","duration":14.69439999999986,"failureMessages":[],"meta":{},"tags":[]},{"ancestorTitles":["UsageStatsDatabase","task usage projections"],"fullName":"UsageStatsDatabase task usage projections should chunk summary and event queries for task ID sets above SQLite's parameter ceiling","status":"passed","title":"should chunk summary and event queries for task ID sets above SQLite's parameter ceiling","duration":16.130499999999756,"failureMessages":[],"meta":{},"tags":[]},{"ancestorTitles":["UsageStatsDatabase","projection atomicity"],"fullName":"UsageStatsDatabase projection atomicity should atomically insert event and update projections in one transaction","status":"passed","title":"should atomically insert event and update projections in one transaction","duration":14.182400000000143,"failureMessages":[],"meta":{},"tags":[]},{"ancestorTitles":["UsageStatsDatabase","clearGeneration"],"fullName":"UsageStatsDatabase clearGeneration should clear all data and increment generation","status":"passed","title":"should clear all data and increment generation","duration":31.681300000000192,"failureMessages":[],"meta":{},"tags":[]},{"ancestorTitles":["UsageStatsDatabase","clearGeneration"],"fullName":"UsageStatsDatabase clearGeneration should remove task metrics while retaining no task persistence data","status":"passed","title":"should remove task metrics while retaining no task persistence data","duration":11.480999999999767,"failureMessages":[],"meta":{},"tags":[]},{"ancestorTitles":["UsageStatsDatabase","clearGeneration"],"fullName":"UsageStatsDatabase clearGeneration should reset migration checkpoint on clear","status":"passed","title":"should reset migration checkpoint on clear","duration":11.514400000000023,"failureMessages":[],"meta":{},"tags":[]},{"ancestorTitles":["UsageStatsDatabase","corruption detection"],"fullName":"UsageStatsDatabase corruption detection should handle corrupt meta gracefully (return defaults)","status":"passed","title":"should handle corrupt meta gracefully (return defaults)","duration":13.229600000000119,"failureMessages":[],"meta":{},"tags":[]},{"ancestorTitles":["UsageStatsDatabase","migration checkpoint"],"fullName":"UsageStatsDatabase migration checkpoint should persist and retrieve migration checkpoint","status":"passed","title":"should persist and retrieve migration checkpoint","duration":10.42489999999998,"failureMessages":[],"meta":{},"tags":[]},{"ancestorTitles":["UsageStatsDatabase","performance benchmarks (shape assertions)"],"fullName":"UsageStatsDatabase performance benchmarks (shape assertions) should handle 1K events with fixed result shape","status":"passed","title":"should handle 1K events with fixed result shape","duration":1830.9272000000005,"failureMessages":[],"meta":{},"tags":[]},{"ancestorTitles":["UsageStatsDatabase","performance benchmarks (shape assertions)"],"fullName":"UsageStatsDatabase performance benchmarks (shape assertions) should handle 1K events across 100 sessions with fixed result shape","status":"passed","title":"should handle 1K events across 100 sessions with fixed result shape","duration":1689.5807000000004,"failureMessages":[],"meta":{},"tags":[]},{"ancestorTitles":["UsageStatsDatabase","performance benchmarks (shape assertions)"],"fullName":"UsageStatsDatabase performance benchmarks (shape assertions) should handle 5K events across 1000 sessions with fixed result shape","status":"passed","title":"should handle 5K events across 1000 sessions with fixed result shape","duration":8204.4506,"failureMessages":[],"meta":{},"tags":[]},{"ancestorTitles":["UsageStatsDatabase","rebuildRollupsFromEvents"],"fullName":"UsageStatsDatabase rebuildRollupsFromEvents should rebuild direct task totals and select the later sequence on timestamp ties","status":"passed","title":"should rebuild direct task totals and select the later sequence on timestamp ties","duration":16.0679999999993,"failureMessages":[],"meta":{},"tags":[]},{"ancestorTitles":["UsageStatsDatabase","rebuildRollupsFromEvents"],"fullName":"UsageStatsDatabase rebuildRollupsFromEvents should rebuild rollups from events after clearing derived tables","status":"passed","title":"should rebuild rollups from events after clearing derived tables","duration":13.914099999999962,"failureMessages":[],"meta":{},"tags":[]},{"ancestorTitles":["UsageStatsDatabase","rebuildRollupsFromEvents"],"fullName":"UsageStatsDatabase rebuildRollupsFromEvents should be idempotent (running twice produces same result)","status":"passed","title":"should be idempotent (running twice produces same result)","duration":14.450600000000122,"failureMessages":[],"meta":{},"tags":[]},{"ancestorTitles":["UsageStatsDatabase","rebuildRollupsFromEvents"],"fullName":"UsageStatsDatabase rebuildRollupsFromEvents should handle empty database gracefully (no events)","status":"passed","title":"should handle empty database gracefully (no events)","duration":9.747999999999593,"failureMessages":[],"meta":{},"tags":[]},{"ancestorTitles":["UsageStatsDatabase","rebuildRollupsFromEvents"],"fullName":"UsageStatsDatabase rebuildRollupsFromEvents should rebuild with correct local day buckets","status":"passed","title":"should rebuild with correct local day buckets","duration":13.339399999998932,"failureMessages":[],"meta":{},"tags":[]},{"ancestorTitles":["UsageStatsDatabase","rebuildRollupsFromEvents"],"fullName":"UsageStatsDatabase rebuildRollupsFromEvents should rebuild breakdown rollups (per model/provider/mode axis)","status":"passed","title":"should rebuild breakdown rollups (per model/provider/mode axis)","duration":13.701999999999316,"failureMessages":[],"meta":{},"tags":[]},{"ancestorTitles":["UsageStatsDatabase","rebuildRollupsFromEvents"],"fullName":"UsageStatsDatabase rebuildRollupsFromEvents should rebuild non-cancelled-only rollups","status":"passed","title":"should rebuild non-cancelled-only rollups","duration":17.281300000000556,"failureMessages":[],"meta":{},"tags":[]},{"ancestorTitles":["UsageStatsDatabase","rebuildRollupsFromEvents"],"fullName":"UsageStatsDatabase rebuildRollupsFromEvents should rebuild session_activity with local day buckets","status":"passed","title":"should rebuild session_activity with local day buckets","duration":16.793800000001283,"failureMessages":[],"meta":{},"tags":[]}],"startTime":1785760805288,"endTime":1785760819191.7937,"status":"passed","message":"","name":"c:/Users/k1yt/OneDrive/Projects/ZooCode/src/services/stats/__tests__/UsageStatsDatabase.spec.ts"}]}