{"numTotalTestSuites":18,"numPassedTestSuites":18,"numFailedTestSuites":0,"numPendingTestSuites":0,"numTotalTests":53,"numPassedTests":53,"numFailedTests":0,"numPendingTests":0,"numTodoTests":0,"snapshot":{"added":0,"failure":false,"filesAdded":0,"filesRemoved":0,"filesRemovedList":[],"filesUnmatched":0,"filesUpdated":0,"matched":0,"total":0,"unchecked":0,"uncheckedKeysByFile":[],"unmatched":0,"updated":0,"didUpdate":false},"startTime":1785765815785,"success":true,"testResults":[{"assertionResults":[{"ancestorTitles":["UsageStatsService","initialize"],"fullName":"UsageStatsService initialize should create the stats directory structure on initialize","status":"passed","title":"should create the stats directory structure on initialize","duration":19.075599999999895,"failureMessages":[],"meta":{},"tags":[]},{"ancestorTitles":["UsageStatsService","initialize"],"fullName":"UsageStatsService initialize should be idempotent (calling initialize twice does not throw)","status":"passed","title":"should be idempotent (calling initialize twice does not throw)","duration":14.287600000000111,"failureMessages":[],"meta":{},"tags":[]},{"ancestorTitles":["UsageStatsService","initialize"],"fullName":"UsageStatsService initialize waits for the injected catalog source before creating the coordinator","status":"passed","title":"waits for the injected catalog source before creating the coordinator","duration":21.207200000000057,"failureMessages":[],"meta":{},"tags":[]},{"ancestorTitles":["UsageStatsService","initialize"],"fullName":"UsageStatsService initialize disposes the injected catalog listener with the service","status":"passed","title":"disposes the injected catalog listener with the service","duration":15.957099999999855,"failureMessages":[],"meta":{},"tags":[]},{"ancestorTitles":["UsageStatsService","queryStats"],"fullName":"UsageStatsService queryStats should return empty snapshot when no events exist","status":"passed","title":"should return empty snapshot when no events exist","duration":14.592499999999973,"failureMessages":[],"meta":{},"tags":[]},{"ancestorTitles":["UsageStatsService","queryStats"],"fullName":"UsageStatsService queryStats should aggregate events stored via the underlying store","status":"passed","title":"should aggregate events stored via the underlying store","duration":37.29230000000007,"failureMessages":[],"meta":{},"tags":[]},{"ancestorTitles":["UsageStatsService","queryStats"],"fullName":"UsageStatsService queryStats should pass recordingPaused option through to the snapshot coverage","status":"passed","title":"should pass recordingPaused option through to the snapshot coverage","duration":11.864599999999882,"failureMessages":[],"meta":{},"tags":[]},{"ancestorTitles":["UsageStatsService","queryStats"],"fullName":"UsageStatsService queryStats should default recordingPaused to false when not provided","status":"passed","title":"should default recordingPaused to false when not provided","duration":19.014799999999923,"failureMessages":[],"meta":{},"tags":[]},{"ancestorTitles":["UsageStatsService","exportStats - JSON"],"fullName":"UsageStatsService exportStats - JSON should export events as JSON with correct schema","status":"passed","title":"should export events as JSON with correct schema","duration":27.37130000000002,"failureMessages":[],"meta":{},"tags":[]},{"ancestorTitles":["UsageStatsService","exportStats - JSON"],"fullName":"UsageStatsService exportStats - JSON should filter events by preset in JSON export","status":"passed","title":"should filter events by preset in JSON export","duration":24.763200000000097,"failureMessages":[],"meta":{},"tags":[]},{"ancestorTitles":["UsageStatsService","exportStats - JSON"],"fullName":"UsageStatsService exportStats - JSON should exclude cancelled events by default in JSON export","status":"passed","title":"should exclude cancelled events by default in JSON export","duration":23.56880000000001,"failureMessages":[],"meta":{},"tags":[]},{"ancestorTitles":["UsageStatsService","exportStats - JSON"],"fullName":"UsageStatsService exportStats - JSON should include cancelled events when includeCancelled is true","status":"passed","title":"should include cancelled events when includeCancelled is true","duration":24.161200000000008,"failureMessages":[],"meta":{},"tags":[]},{"ancestorTitles":["UsageStatsService","exportStats - JSON"],"fullName":"UsageStatsService exportStats - JSON should export empty events array when no data exists","status":"passed","title":"should export empty events array when no data exists","duration":10.998400000000174,"failureMessages":[],"meta":{},"tags":[]},{"ancestorTitles":["UsageStatsService","exportStats - CSV"],"fullName":"UsageStatsService exportStats - CSV should export events as CSV with header row","status":"passed","title":"should export events as CSV with header row","duration":20.355299999999943,"failureMessages":[],"meta":{},"tags":[]},{"ancestorTitles":["UsageStatsService","exportStats - CSV"],"fullName":"UsageStatsService exportStats - CSV should include data values in CSV rows","status":"passed","title":"should include data values in CSV rows","duration":19.314000000000078,"failureMessages":[],"meta":{},"tags":[]},{"ancestorTitles":["UsageStatsService","exportStats - CSV"],"fullName":"UsageStatsService exportStats - CSV should export rootTaskId and endpoint in their own CSV columns","status":"passed","title":"should export rootTaskId and endpoint in their own CSV columns","duration":19.23739999999998,"failureMessages":[],"meta":{},"tags":[]},{"ancestorTitles":["UsageStatsService","exportStats - CSV"],"fullName":"UsageStatsService exportStats - CSV should output only header when no events exist","status":"passed","title":"should output only header when no events exist","duration":13.68159999999989,"failureMessages":[],"meta":{},"tags":[]},{"ancestorTitles":["UsageStatsService","exportStats - CSV"],"fullName":"UsageStatsService exportStats - CSV should escape formula injection in CSV cells (=, +, -, @ prefixes)","status":"passed","title":"should escape formula injection in CSV cells (=, +, -, @ prefixes)","duration":17.68679999999995,"failureMessages":[],"meta":{},"tags":[]},{"ancestorTitles":["UsageStatsService","exportStats - CSV"],"fullName":"UsageStatsService exportStats - CSV should quote cells containing commas","status":"passed","title":"should quote cells containing commas","duration":17.489900000000034,"failureMessages":[],"meta":{},"tags":[]},{"ancestorTitles":["UsageStatsService","exportStats - CSV"],"fullName":"UsageStatsService exportStats - CSV should quote cells containing double quotes and escape them","status":"passed","title":"should quote cells containing double quotes and escape them","duration":17.74499999999989,"failureMessages":[],"meta":{},"tags":[]},{"ancestorTitles":["UsageStatsService","exportStats - CSV"],"fullName":"UsageStatsService exportStats - CSV should output empty cell for missing optional usage fields","status":"passed","title":"should output empty cell for missing optional usage fields","duration":28.418600000000197,"failureMessages":[],"meta":{},"tags":[]},{"ancestorTitles":["UsageStatsService","exportStats - CSV"],"fullName":"UsageStatsService exportStats - CSV should output empty cell for missing parentTaskId","status":"passed","title":"should output empty cell for missing parentTaskId","duration":20.154800000000023,"failureMessages":[],"meta":{},"tags":[]},{"ancestorTitles":["UsageStatsService","exportStats - CSV"],"fullName":"UsageStatsService exportStats - CSV should output parentTaskId value when present","status":"passed","title":"should output parentTaskId value when present","duration":17.351200000000063,"failureMessages":[],"meta":{},"tags":[]},{"ancestorTitles":["UsageStatsService","exportStats - CSV"],"fullName":"UsageStatsService exportStats - CSV should output source columns alongside value columns","status":"passed","title":"should output source columns alongside value columns","duration":16.453899999999976,"failureMessages":[],"meta":{},"tags":[]},{"ancestorTitles":["UsageStatsService","exportStats - CSV"],"fullName":"UsageStatsService exportStats - CSV should output semantics inclusion columns","status":"passed","title":"should output semantics inclusion columns","duration":16.820699999999988,"failureMessages":[],"meta":{},"tags":[]},{"ancestorTitles":["UsageStatsService","exportStats - CSV"],"fullName":"UsageStatsService exportStats - CSV should output provenance column","status":"passed","title":"should output provenance column","duration":18.44459999999981,"failureMessages":[],"meta":{},"tags":[]},{"ancestorTitles":["UsageStatsService","getFilteredEvents"],"fullName":"UsageStatsService getFilteredEvents should return filtered events without JSON round-trip","status":"passed","title":"should return filtered events without JSON round-trip","duration":22.7346,"failureMessages":[],"meta":{},"tags":[]},{"ancestorTitles":["UsageStatsService","exportStats - invalid format"],"fullName":"UsageStatsService exportStats - invalid format should throw StatsServiceError for unsupported format","status":"passed","title":"should throw StatsServiceError for unsupported format","duration":15.616899999999987,"failureMessages":[],"meta":{},"tags":[]},{"ancestorTitles":["UsageStatsService","exportStats - invalid format"],"fullName":"UsageStatsService exportStats - invalid format should include error code STATS_SERVICE/export/001 for unsupported format","status":"passed","title":"should include error code STATS_SERVICE/export/001 for unsupported format","duration":12.040599999999813,"failureMessages":[],"meta":{},"tags":[]},{"ancestorTitles":["UsageStatsService","exportStats - time range filtering with explicit from/to"],"fullName":"UsageStatsService exportStats - time range filtering with explicit from/to should filter events by explicit from/to in export","status":"passed","title":"should filter events by explicit from/to in export","duration":24.868599999999788,"failureMessages":[],"meta":{},"tags":[]},{"ancestorTitles":["UsageStatsService","issueClearNonce"],"fullName":"UsageStatsService issueClearNonce should return a non-empty nonce string","status":"passed","title":"should return a non-empty nonce string","duration":11.401699999999892,"failureMessages":[],"meta":{},"tags":[]},{"ancestorTitles":["UsageStatsService","issueClearNonce"],"fullName":"UsageStatsService issueClearNonce should return different nonces on subsequent calls","status":"passed","title":"should return different nonces on subsequent calls","duration":12.014400000000023,"failureMessages":[],"meta":{},"tags":[]},{"ancestorTitles":["UsageStatsService","clearStats"],"fullName":"UsageStatsService clearStats should clear stats when valid nonce is provided","status":"passed","title":"should clear stats when valid nonce is provided","duration":29.023799999999937,"failureMessages":[],"meta":{},"tags":[]},{"ancestorTitles":["UsageStatsService","clearStats"],"fullName":"UsageStatsService clearStats should throw StatsServiceError when nonce is mismatched","status":"passed","title":"should throw StatsServiceError when nonce is mismatched","duration":12.641799999999876,"failureMessages":[],"meta":{},"tags":[]},{"ancestorTitles":["UsageStatsService","clearStats"],"fullName":"UsageStatsService clearStats should include error code STATS_SERVICE/clear/001 for nonce mismatch","status":"passed","title":"should include error code STATS_SERVICE/clear/001 for nonce mismatch","duration":13.007700000000114,"failureMessages":[],"meta":{},"tags":[]},{"ancestorTitles":["UsageStatsService","clearStats"],"fullName":"UsageStatsService clearStats should throw StatsServiceError when no nonce was issued","status":"passed","title":"should throw StatsServiceError when no nonce was issued","duration":13.539099999999962,"failureMessages":[],"meta":{},"tags":[]},{"ancestorTitles":["UsageStatsService","clearStats"],"fullName":"UsageStatsService clearStats should throw StatsServiceError when nonce has expired","status":"passed","title":"should throw StatsServiceError when nonce has expired","duration":15.44760000000042,"failureMessages":[],"meta":{},"tags":[]},{"ancestorTitles":["UsageStatsService","clearStats"],"fullName":"UsageStatsService clearStats should include error code STATS_SERVICE/clear/001 for expired nonce","status":"passed","title":"should include error code STATS_SERVICE/clear/001 for expired nonce","duration":13.291600000000017,"failureMessages":[],"meta":{},"tags":[]},{"ancestorTitles":["UsageStatsService","clearStats"],"fullName":"UsageStatsService clearStats should consume nonce after successful clear (one-time use)","status":"passed","title":"should consume nonce after successful clear (one-time use)","duration":20.790300000000116,"failureMessages":[],"meta":{},"tags":[]},{"ancestorTitles":["UsageStatsService","backfillFromHistory"],"fullName":"UsageStatsService backfillFromHistory should append events and return the count of appended events","status":"passed","title":"should append events and return the count of appended events","duration":35.8411000000001,"failureMessages":[],"meta":{},"tags":[]},{"ancestorTitles":["UsageStatsService","backfillFromHistory"],"fullName":"UsageStatsService backfillFromHistory should set provenance to history-backfill for all events","status":"passed","title":"should set provenance to history-backfill for all events","duration":24.57470000000012,"failureMessages":[],"meta":{},"tags":[]},{"ancestorTitles":["UsageStatsService","backfillFromHistory"],"fullName":"UsageStatsService backfillFromHistory should return 0 for empty events array","status":"passed","title":"should return 0 for empty events array","duration":12.24519999999984,"failureMessages":[],"meta":{},"tags":[]},{"ancestorTitles":["UsageStatsService","backfillFromHistory"],"fullName":"UsageStatsService backfillFromHistory should deduplicate events with same idempotencyKey","status":"passed","title":"should deduplicate events with same idempotencyKey","duration":20.03060000000005,"failureMessages":[],"meta":{},"tags":[]},{"ancestorTitles":["UsageStatsService","backfillFromHistory"],"fullName":"UsageStatsService backfillFromHistory should swallow StatsStoreError and continue processing remaining events","status":"passed","title":"should swallow StatsStoreError and continue processing remaining events","duration":26.84990000000016,"failureMessages":[],"meta":{},"tags":[]},{"ancestorTitles":["UsageStatsService","isCapped"],"fullName":"UsageStatsService isCapped should return false for a fresh store","status":"passed","title":"should return false for a fresh store","duration":15.26870000000008,"failureMessages":[],"meta":{},"tags":[]},{"ancestorTitles":["UsageStatsService","isCapped"],"fullName":"UsageStatsService isCapped should return false after appending a small number of events","status":"passed","title":"should return false after appending a small number of events","duration":16.047099999999773,"failureMessages":[],"meta":{},"tags":[]},{"ancestorTitles":["UsageStatsService","StatsServiceError"],"fullName":"UsageStatsService StatsServiceError should format message with error code prefix","status":"passed","title":"should format message with error code prefix","duration":11.908300000000054,"failureMessages":[],"meta":{},"tags":[]},{"ancestorTitles":["UsageStatsService","StatsServiceError"],"fullName":"UsageStatsService StatsServiceError should preserve cause when provided","status":"passed","title":"should preserve cause when provided","duration":11.251500000000306,"failureMessages":[],"meta":{},"tags":[]},{"ancestorTitles":["UsageStatsService","preset range resolution"],"fullName":"UsageStatsService preset range resolution should include events from the last 7 days for preset 7d","status":"passed","title":"should include events from the last 7 days for preset 7d","duration":19.891799999999876,"failureMessages":[],"meta":{},"tags":[]},{"ancestorTitles":["UsageStatsService","preset range resolution"],"fullName":"UsageStatsService preset range resolution should include events from the last 30 days for preset 30d","status":"passed","title":"should include events from the last 30 days for preset 30d","duration":20.035100000000057,"failureMessages":[],"meta":{},"tags":[]},{"ancestorTitles":["UsageStatsService","CSV export - optional fields fallback"],"fullName":"UsageStatsService CSV export - optional fields fallback should output empty cells for events without optional fields","status":"passed","title":"should output empty cells for events without optional fields","duration":17.680499999999938,"failureMessages":[],"meta":{},"tags":[]},{"ancestorTitles":["UsageStatsService","onDidChange listener disposal"],"fullName":"UsageStatsService onDidChange listener disposal should remove listener when dispose is called","status":"passed","title":"should remove listener when dispose is called","duration":9.606999999999971,"failureMessages":[],"meta":{},"tags":[]},{"ancestorTitles":["UsageStatsService","generateNonce fallback"],"fullName":"UsageStatsService generateNonce fallback should fall back to timestamp-based nonce when crypto is unavailable","status":"passed","title":"should fall back to timestamp-based nonce when crypto is unavailable","duration":10.56399999999985,"failureMessages":[],"meta":{},"tags":[]}],"startTime":1785765817351,"endTime":1785765818329.564,"status":"passed","message":"","name":"C:/Users/k1yt/OneDrive/Projects/ZooCode/src/services/stats/__tests__/UsageStatsService.spec.ts"}]}